2025-05-24 18:58:41.484  INFO 19216 --- [main] c.s.w.gateway.GatewayApplication         : No active profile set, falling back to 1 default profile: "default"
2025-05-24 18:58:42.655  INFO 19216 --- [main] o.s.cloud.context.scope.GenericScope     : BeanFactory id=a8645808-44fa-38c6-b0c6-c90b65dde952
2025-05-24 18:58:42.800  INFO 19216 --- [main] trationDelegate$BeanPostProcessorChecker : Bean 'org.springframework.cloud.client.loadbalancer.reactive.LoadBalancerBeanPostProcessorAutoConfiguration' of type [org.springframework.cloud.client.loadbalancer.reactive.LoadBalancerBeanPostProcessorAutoConfiguration] is not eligible for getting processed by all BeanPostProcessors (for example: not eligible for auto-proxying)
2025-05-24 18:58:42.802  INFO 19216 --- [main] trationDelegate$BeanPostProcessorChecker : Bean 'org.springframework.cloud.client.loadbalancer.reactive.LoadBalancerBeanPostProcessorAutoConfiguration$ReactorDeferringLoadBalancerFilterConfig' of type [org.springframework.cloud.client.loadbalancer.reactive.LoadBalancerBeanPostProcessorAutoConfiguration$ReactorDeferringLoadBalancerFilterConfig] is not eligible for getting processed by all BeanPostProcessors (for example: not eligible for auto-proxying)
2025-05-24 18:58:42.813  INFO 19216 --- [main] trationDelegate$BeanPostProcessorChecker : Bean 'reactorDeferringLoadBalancerExchangeFilterFunction' of type [org.springframework.cloud.client.loadbalancer.reactive.DeferringLoadBalancerExchangeFilterFunction] is not eligible for getting processed by all BeanPostProcessors (for example: not eligible for auto-proxying)
2025-05-24 18:58:45.494  INFO 19216 --- [main] o.s.c.g.r.RouteDefinitionRouteLocator    : Loaded RoutePredicateFactory [After]
2025-05-24 18:58:45.494  INFO 19216 --- [main] o.s.c.g.r.RouteDefinitionRouteLocator    : Loaded RoutePredicateFactory [Before]
2025-05-24 18:58:45.494  INFO 19216 --- [main] o.s.c.g.r.RouteDefinitionRouteLocator    : Loaded RoutePredicateFactory [Between]
2025-05-24 18:58:45.495  INFO 19216 --- [main] o.s.c.g.r.RouteDefinitionRouteLocator    : Loaded RoutePredicateFactory [Cookie]
2025-05-24 18:58:45.495  INFO 19216 --- [main] o.s.c.g.r.RouteDefinitionRouteLocator    : Loaded RoutePredicateFactory [Header]
2025-05-24 18:58:45.495  INFO 19216 --- [main] o.s.c.g.r.RouteDefinitionRouteLocator    : Loaded RoutePredicateFactory [Host]
2025-05-24 18:58:45.495  INFO 19216 --- [main] o.s.c.g.r.RouteDefinitionRouteLocator    : Loaded RoutePredicateFactory [Method]
2025-05-24 18:58:45.495  INFO 19216 --- [main] o.s.c.g.r.RouteDefinitionRouteLocator    : Loaded RoutePredicateFactory [Path]
2025-05-24 18:58:45.495  INFO 19216 --- [main] o.s.c.g.r.RouteDefinitionRouteLocator    : Loaded RoutePredicateFactory [Query]
2025-05-24 18:58:45.495  INFO 19216 --- [main] o.s.c.g.r.RouteDefinitionRouteLocator    : Loaded RoutePredicateFactory [ReadBody]
2025-05-24 18:58:45.495  INFO 19216 --- [main] o.s.c.g.r.RouteDefinitionRouteLocator    : Loaded RoutePredicateFactory [RemoteAddr]
2025-05-24 18:58:45.495  INFO 19216 --- [main] o.s.c.g.r.RouteDefinitionRouteLocator    : Loaded RoutePredicateFactory [XForwardedRemoteAddr]
2025-05-24 18:58:45.496  INFO 19216 --- [main] o.s.c.g.r.RouteDefinitionRouteLocator    : Loaded RoutePredicateFactory [Weight]
2025-05-24 18:58:45.496  INFO 19216 --- [main] o.s.c.g.r.RouteDefinitionRouteLocator    : Loaded RoutePredicateFactory [CloudFoundryRouteService]
2025-05-24 18:58:46.651  WARN 19216 --- [main] iguration$LoadBalancerCaffeineWarnLogger : Spring Cloud LoadBalancer is currently working with the default cache. While this cache implementation is useful for development and tests, it's recommended to use Caffeine cache in production.You can switch to using Caffeine cache, by adding it and org.springframework.cache.caffeine.CaffeineCacheManager to the classpath.
2025-05-24 18:58:46.785  INFO 19216 --- [main] com.alibaba.nacos.common.remote.client   : [RpcClientFactory] create a new rpc client of 6c0c2a93-2e03-426a-9a19-5bcd02165d2f
2025-05-24 18:58:46.785  INFO 19216 --- [main] com.alibaba.nacos.common.remote.client   : [6c0c2a93-2e03-426a-9a19-5bcd02165d2f] RpcClient init label, labels = {module=naming, source=sdk}
2025-05-24 18:58:46.788  INFO 19216 --- [main] com.alibaba.nacos.common.remote.client   : [6c0c2a93-2e03-426a-9a19-5bcd02165d2f] RpcClient init, ServerListFactory = com.alibaba.nacos.client.naming.core.ServerListManager
2025-05-24 18:58:46.788  INFO 19216 --- [main] com.alibaba.nacos.common.remote.client   : [6c0c2a93-2e03-426a-9a19-5bcd02165d2f] Registry connection listener to current client:com.alibaba.nacos.client.naming.remote.gprc.redo.NamingGrpcRedoService
2025-05-24 18:58:46.788  INFO 19216 --- [main] com.alibaba.nacos.common.remote.client   : [6c0c2a93-2e03-426a-9a19-5bcd02165d2f] Register server push request handler:com.alibaba.nacos.client.naming.remote.gprc.NamingPushRequestHandler
2025-05-24 18:58:46.789  INFO 19216 --- [main] com.alibaba.nacos.common.remote.client   : [6c0c2a93-2e03-426a-9a19-5bcd02165d2f] Try to connect to server on start up, server: {serverIp = 'localhost', server main port = 8848}
2025-05-24 18:58:46.928  INFO 19216 --- [main] com.alibaba.nacos.common.remote.client   : [6c0c2a93-2e03-426a-9a19-5bcd02165d2f] Success to connect to server [localhost:8848] on start up, connectionId = 1748084326805_127.0.0.1_62811
2025-05-24 18:58:46.928  INFO 19216 --- [main] com.alibaba.nacos.common.remote.client   : [6c0c2a93-2e03-426a-9a19-5bcd02165d2f] Register server push request handler:com.alibaba.nacos.common.remote.client.RpcClient$ConnectResetRequestHandler
2025-05-24 18:58:46.929  INFO 19216 --- [com.alibaba.nacos.client.remote.worker] com.alibaba.nacos.common.remote.client   : [6c0c2a93-2e03-426a-9a19-5bcd02165d2f] Notify connected event to listeners.
2025-05-24 18:58:46.929  INFO 19216 --- [main] com.alibaba.nacos.common.remote.client   : [6c0c2a93-2e03-426a-9a19-5bcd02165d2f] Register server push request handler:com.alibaba.nacos.common.remote.client.RpcClient$$Lambda$474/0x000001ff5c4d5d18
2025-05-24 18:58:47.479  INFO 19216 --- [main] o.s.b.web.embedded.netty.NettyWebServer  : Netty started on port 8082
2025-05-24 18:58:47.576  INFO 19216 --- [nacos-grpc-client-executor-4] com.alibaba.nacos.common.remote.client   : [6c0c2a93-2e03-426a-9a19-5bcd02165d2f] Receive server push request, request = NotifySubscriberRequest, requestId = 1
2025-05-24 18:58:47.576  INFO 19216 --- [nacos-grpc-client-executor-4] com.alibaba.nacos.common.remote.client   : [6c0c2a93-2e03-426a-9a19-5bcd02165d2f] Ack server push request, request = NotifySubscriberRequest, requestId = 1
2025-05-24 18:58:48.856  INFO 19216 --- [main] c.a.c.n.registry.NacosServiceRegistry    : nacos registry, DEFAULT_GROUP gateway 192.168.190.1:8082 register finished
2025-05-24 18:58:48.903  INFO 19216 --- [main] c.s.w.gateway.GatewayApplication         : Started GatewayApplication in 13.867 seconds (JVM running for 15.519)
2025-05-24 18:58:48.909  INFO 19216 --- [main] c.a.c.n.refresh.NacosContextRefresher    : [Nacos Config] Listening config: dataId=gateway.yaml, group=DEFAULT_GROUP
2025-05-24 18:58:48.910  INFO 19216 --- [main] c.a.c.n.refresh.NacosContextRefresher    : [Nacos Config] Listening config: dataId=gateway, group=DEFAULT_GROUP
2025-05-24 18:58:49.420  INFO 19216 --- [nacos-grpc-client-executor-7] com.alibaba.nacos.common.remote.client   : [6c0c2a93-2e03-426a-9a19-5bcd02165d2f] Receive server push request, request = NotifySubscriberRequest, requestId = 2
2025-05-24 18:58:49.444  INFO 19216 --- [nacos-grpc-client-executor-7] com.alibaba.nacos.common.remote.client   : [6c0c2a93-2e03-426a-9a19-5bcd02165d2f] Ack server push request, request = NotifySubscriberRequest, requestId = 2
2025-05-24 18:59:31.724  INFO 11560 --- [main] c.s.w.account.AccountApplication         : No active profile set, falling back to 1 default profile: "default"
2025-05-24 18:59:33.322  INFO 11560 --- [main] o.s.cloud.context.scope.GenericScope     : BeanFactory id=4acfd277-f3e6-36f6-bdcd-7a6f35df7f2b
2025-05-24 18:59:34.016  INFO 11560 --- [main] o.s.b.w.embedded.tomcat.TomcatWebServer  : Tomcat initialized with port(s): 8081 (http)
2025-05-24 18:59:34.034  INFO 11560 --- [main] o.apache.catalina.core.StandardService   : Starting service [Tomcat]
2025-05-24 18:59:34.034  INFO 11560 --- [main] org.apache.catalina.core.StandardEngine  : Starting Servlet engine: [Apache Tomcat/9.0.75]
2025-05-24 18:59:34.369  INFO 11560 --- [main] o.a.c.c.C.[Tomcat].[localhost].[/]       : Initializing Spring embedded WebApplicationContext
2025-05-24 18:59:34.369  INFO 11560 --- [main] w.s.c.ServletWebServerApplicationContext : Root WebApplicationContext: initialization completed in 2613 ms
2025-05-24 18:59:37.572  INFO 11560 --- [main] pertySourcedRequestMappingHandlerMapping : Mapped URL path [/v2/api-docs] onto method [springfox.documentation.swagger2.web.Swagger2ControllerWebMvc#getDocumentation(String, HttpServletRequest)]
2025-05-24 18:59:38.632  WARN 11560 --- [main] iguration$LoadBalancerCaffeineWarnLogger : Spring Cloud LoadBalancer is currently working with the default cache. While this cache implementation is useful for development and tests, it's recommended to use Caffeine cache in production.You can switch to using Caffeine cache, by adding it and org.springframework.cache.caffeine.CaffeineCacheManager to the classpath.
2025-05-24 18:59:38.990  INFO 11560 --- [main] com.alibaba.nacos.common.remote.client   : [RpcClientFactory] create a new rpc client of 06e20139-947e-4e7f-ba66-40220177db08
2025-05-24 18:59:38.990  INFO 11560 --- [main] com.alibaba.nacos.common.remote.client   : [06e20139-947e-4e7f-ba66-40220177db08] RpcClient init label, labels = {module=naming, source=sdk}
2025-05-24 18:59:38.993  INFO 11560 --- [main] com.alibaba.nacos.common.remote.client   : [06e20139-947e-4e7f-ba66-40220177db08] RpcClient init, ServerListFactory = com.alibaba.nacos.client.naming.core.ServerListManager
2025-05-24 18:59:38.993  INFO 11560 --- [main] com.alibaba.nacos.common.remote.client   : [06e20139-947e-4e7f-ba66-40220177db08] Registry connection listener to current client:com.alibaba.nacos.client.naming.remote.gprc.redo.NamingGrpcRedoService
2025-05-24 18:59:38.994  INFO 11560 --- [main] com.alibaba.nacos.common.remote.client   : [06e20139-947e-4e7f-ba66-40220177db08] Register server push request handler:com.alibaba.nacos.client.naming.remote.gprc.NamingPushRequestHandler
2025-05-24 18:59:38.995  INFO 11560 --- [main] com.alibaba.nacos.common.remote.client   : [06e20139-947e-4e7f-ba66-40220177db08] Try to connect to server on start up, server: {serverIp = 'localhost', server main port = 8848}
2025-05-24 18:59:39.125  INFO 11560 --- [main] com.alibaba.nacos.common.remote.client   : [06e20139-947e-4e7f-ba66-40220177db08] Success to connect to server [localhost:8848] on start up, connectionId = 1748084379008_127.0.0.1_62885
2025-05-24 18:59:39.125  INFO 11560 --- [main] com.alibaba.nacos.common.remote.client   : [06e20139-947e-4e7f-ba66-40220177db08] Register server push request handler:com.alibaba.nacos.common.remote.client.RpcClient$ConnectResetRequestHandler
2025-05-24 18:59:39.125  INFO 11560 --- [com.alibaba.nacos.client.remote.worker] com.alibaba.nacos.common.remote.client   : [06e20139-947e-4e7f-ba66-40220177db08] Notify connected event to listeners.
2025-05-24 18:59:39.126  INFO 11560 --- [main] com.alibaba.nacos.common.remote.client   : [06e20139-947e-4e7f-ba66-40220177db08] Register server push request handler:com.alibaba.nacos.common.remote.client.RpcClient$$Lambda$478/0x00000171054d6350
2025-05-24 18:59:39.216  INFO 11560 --- [main] o.s.b.w.embedded.tomcat.TomcatWebServer  : Tomcat started on port(s): 8081 (http) with context path ''
2025-05-24 18:59:39.232  INFO 11560 --- [main] c.a.c.n.registry.NacosServiceRegistry    : nacos registry, DEFAULT_GROUP account-service 192.168.190.1:8081 register finished
2025-05-24 18:59:39.681  INFO 11560 --- [nacos-grpc-client-executor-6] com.alibaba.nacos.common.remote.client   : [06e20139-947e-4e7f-ba66-40220177db08] Receive server push request, request = NotifySubscriberRequest, requestId = 3
2025-05-24 18:59:39.695  INFO 11560 --- [nacos-grpc-client-executor-6] com.alibaba.nacos.common.remote.client   : [06e20139-947e-4e7f-ba66-40220177db08] Ack server push request, request = NotifySubscriberRequest, requestId = 3
2025-05-24 18:59:40.095  INFO 11560 --- [main] d.s.w.p.DocumentationPluginsBootstrapper : Documentation plugins bootstrapped
2025-05-24 18:59:40.102  INFO 11560 --- [main] d.s.w.p.DocumentationPluginsBootstrapper : Found 1 custom documentation plugin(s)
2025-05-24 18:59:40.162  INFO 11560 --- [main] s.d.s.w.s.ApiListingReferenceScanner     : Scanning for api listing references
2025-05-24 18:59:40.345  INFO 11560 --- [main] c.s.w.account.AccountApplication         : Started AccountApplication in 14.205 seconds (JVM running for 15.495)
2025-05-24 18:59:40.353  INFO 11560 --- [main] c.a.c.n.refresh.NacosContextRefresher    : [Nacos Config] Listening config: dataId=account-service, group=DEFAULT_GROUP
2025-05-24 18:59:40.388  INFO 11560 --- [main] c.a.c.n.refresh.NacosContextRefresher    : [Nacos Config] Listening config: dataId=account-service.yaml, group=DEFAULT_GROUP
2025-05-24 18:59:44.789  INFO 7376 --- [main] c.s.w.product.ProductApplication         : No active profile set, falling back to 1 default profile: "default"
2025-05-24 18:59:46.158  INFO 7376 --- [main] o.s.cloud.context.scope.GenericScope     : BeanFactory id=8626493e-7e82-3573-ad05-8d7c44fc453a
2025-05-24 18:59:46.806  INFO 7376 --- [main] o.s.b.w.embedded.tomcat.TomcatWebServer  : Tomcat initialized with port(s): 8083 (http)
2025-05-24 18:59:46.819  INFO 7376 --- [main] o.apache.catalina.core.StandardService   : Starting service [Tomcat]
2025-05-24 18:59:46.820  INFO 7376 --- [main] org.apache.catalina.core.StandardEngine  : Starting Servlet engine: [Apache Tomcat/9.0.75]
2025-05-24 18:59:47.145  INFO 7376 --- [main] o.a.c.c.C.[Tomcat].[localhost].[/]       : Initializing Spring embedded WebApplicationContext
2025-05-24 18:59:47.146  INFO 7376 --- [main] w.s.c.ServletWebServerApplicationContext : Root WebApplicationContext: initialization completed in 2326 ms
2025-05-24 18:59:48.741  INFO 7376 --- [main] o.s.c.openfeign.FeignClientFactoryBean   : For 'settle-service' URL not provided. Will try picking an instance via load-balancing.
2025-05-24 18:59:50.523  INFO 7376 --- [main] pertySourcedRequestMappingHandlerMapping : Mapped URL path [/v2/api-docs] onto method [springfox.documentation.swagger2.web.Swagger2ControllerWebMvc#getDocumentation(String, HttpServletRequest)]
2025-05-24 18:59:51.278  WARN 7376 --- [main] iguration$LoadBalancerCaffeineWarnLogger : Spring Cloud LoadBalancer is currently working with the default cache. While this cache implementation is useful for development and tests, it's recommended to use Caffeine cache in production.You can switch to using Caffeine cache, by adding it and org.springframework.cache.caffeine.CaffeineCacheManager to the classpath.
2025-05-24 18:59:51.416  INFO 7376 --- [main] com.alibaba.nacos.common.remote.client   : [RpcClientFactory] create a new rpc client of 7a5b81c8-39e1-4b85-a49e-cba698f1e433
2025-05-24 18:59:51.416  INFO 7376 --- [main] com.alibaba.nacos.common.remote.client   : [7a5b81c8-39e1-4b85-a49e-cba698f1e433] RpcClient init label, labels = {module=naming, source=sdk}
2025-05-24 18:59:51.419  INFO 7376 --- [main] com.alibaba.nacos.common.remote.client   : [7a5b81c8-39e1-4b85-a49e-cba698f1e433] RpcClient init, ServerListFactory = com.alibaba.nacos.client.naming.core.ServerListManager
2025-05-24 18:59:51.420  INFO 7376 --- [main] com.alibaba.nacos.common.remote.client   : [7a5b81c8-39e1-4b85-a49e-cba698f1e433] Registry connection listener to current client:com.alibaba.nacos.client.naming.remote.gprc.redo.NamingGrpcRedoService
2025-05-24 18:59:51.421  INFO 7376 --- [main] com.alibaba.nacos.common.remote.client   : [7a5b81c8-39e1-4b85-a49e-cba698f1e433] Register server push request handler:com.alibaba.nacos.client.naming.remote.gprc.NamingPushRequestHandler
2025-05-24 18:59:51.421  INFO 7376 --- [main] com.alibaba.nacos.common.remote.client   : [7a5b81c8-39e1-4b85-a49e-cba698f1e433] Try to connect to server on start up, server: {serverIp = 'localhost', server main port = 8848}
2025-05-24 18:59:51.565  INFO 7376 --- [main] com.alibaba.nacos.common.remote.client   : [7a5b81c8-39e1-4b85-a49e-cba698f1e433] Success to connect to server [localhost:8848] on start up, connectionId = 1748084391441_127.0.0.1_62895
2025-05-24 18:59:51.565  INFO 7376 --- [main] com.alibaba.nacos.common.remote.client   : [7a5b81c8-39e1-4b85-a49e-cba698f1e433] Register server push request handler:com.alibaba.nacos.common.remote.client.RpcClient$ConnectResetRequestHandler
2025-05-24 18:59:51.566  INFO 7376 --- [main] com.alibaba.nacos.common.remote.client   : [7a5b81c8-39e1-4b85-a49e-cba698f1e433] Register server push request handler:com.alibaba.nacos.common.remote.client.RpcClient$$Lambda$478/0x00000194224f5d18
2025-05-24 18:59:51.566  INFO 7376 --- [com.alibaba.nacos.client.remote.worker] com.alibaba.nacos.common.remote.client   : [7a5b81c8-39e1-4b85-a49e-cba698f1e433] Notify connected event to listeners.
2025-05-24 18:59:51.665  INFO 7376 --- [main] o.s.b.w.embedded.tomcat.TomcatWebServer  : Tomcat started on port(s): 8083 (http) with context path ''
2025-05-24 18:59:51.681  INFO 7376 --- [main] c.a.c.n.registry.NacosServiceRegistry    : nacos registry, DEFAULT_GROUP product-service 192.168.190.1:8083 register finished
2025-05-24 18:59:52.122  INFO 7376 --- [nacos-grpc-client-executor-7] com.alibaba.nacos.common.remote.client   : [7a5b81c8-39e1-4b85-a49e-cba698f1e433] Receive server push request, request = NotifySubscriberRequest, requestId = 4
2025-05-24 18:59:52.138  INFO 7376 --- [nacos-grpc-client-executor-7] com.alibaba.nacos.common.remote.client   : [7a5b81c8-39e1-4b85-a49e-cba698f1e433] Ack server push request, request = NotifySubscriberRequest, requestId = 4
2025-05-24 18:59:52.376  INFO 7376 --- [main] d.s.w.p.DocumentationPluginsBootstrapper : Documentation plugins bootstrapped
2025-05-24 18:59:52.383  INFO 7376 --- [main] d.s.w.p.DocumentationPluginsBootstrapper : Found 1 custom documentation plugin(s)
2025-05-24 18:59:52.421  INFO 7376 --- [main] s.d.s.w.s.ApiListingReferenceScanner     : Scanning for api listing references
2025-05-24 18:59:52.638  INFO 7376 --- [main] c.s.w.product.ProductApplication         : Started ProductApplication in 13.654 seconds (JVM running for 14.862)
2025-05-24 18:59:52.646  INFO 7376 --- [main] c.a.c.n.refresh.NacosContextRefresher    : [Nacos Config] Listening config: dataId=product-service, group=DEFAULT_GROUP
2025-05-24 18:59:52.650  INFO 7376 --- [main] c.a.c.n.refresh.NacosContextRefresher    : [Nacos Config] Listening config: dataId=product-service.yaml, group=DEFAULT_GROUP
2025-05-24 19:00:13.335  INFO 19396 --- [main] c.s.w.t.TransactionApplication           : No active profile set, falling back to 1 default profile: "default"
2025-05-24 19:00:14.805  INFO 19396 --- [main] o.s.cloud.context.scope.GenericScope     : BeanFactory id=7aa96f6c-e886-30ce-b918-bed1ee23465d
2025-05-24 19:00:15.455  INFO 19396 --- [main] o.s.b.w.embedded.tomcat.TomcatWebServer  : Tomcat initialized with port(s): 8086 (http)
2025-05-24 19:00:15.468  INFO 19396 --- [main] o.apache.catalina.core.StandardService   : Starting service [Tomcat]
2025-05-24 19:00:15.469  INFO 19396 --- [main] org.apache.catalina.core.StandardEngine  : Starting Servlet engine: [Apache Tomcat/9.0.75]
2025-05-24 19:00:15.783  INFO 19396 --- [main] o.a.c.c.C.[Tomcat].[localhost].[/]       : Initializing Spring embedded WebApplicationContext
2025-05-24 19:00:15.783  INFO 19396 --- [main] w.s.c.ServletWebServerApplicationContext : Root WebApplicationContext: initialization completed in 2422 ms
2025-05-24 19:00:17.377  INFO 19396 --- [main] o.s.c.openfeign.FeignClientFactoryBean   : For 'settle-service' URL not provided. Will try picking an instance via load-balancing.
2025-05-24 19:00:17.809  INFO 19396 --- [main] o.s.c.openfeign.FeignClientFactoryBean   : For 'account-service' URL not provided. Will try picking an instance via load-balancing.
2025-05-24 19:00:17.895  INFO 19396 --- [main] o.s.c.openfeign.FeignClientFactoryBean   : For 'product-service' URL not provided. Will try picking an instance via load-balancing.
2025-05-24 19:00:19.432  INFO 19396 --- [main] pertySourcedRequestMappingHandlerMapping : Mapped URL path [/v2/api-docs] onto method [springfox.documentation.swagger2.web.Swagger2ControllerWebMvc#getDocumentation(String, HttpServletRequest)]
2025-05-24 19:00:20.689  WARN 19396 --- [main] iguration$LoadBalancerCaffeineWarnLogger : Spring Cloud LoadBalancer is currently working with the default cache. While this cache implementation is useful for development and tests, it's recommended to use Caffeine cache in production.You can switch to using Caffeine cache, by adding it and org.springframework.cache.caffeine.CaffeineCacheManager to the classpath.
2025-05-24 19:00:20.840  INFO 19396 --- [main] com.alibaba.nacos.common.remote.client   : [RpcClientFactory] create a new rpc client of 749a77af-6f35-4213-a434-fba6d27be2dc
2025-05-24 19:00:20.840  INFO 19396 --- [main] com.alibaba.nacos.common.remote.client   : [749a77af-6f35-4213-a434-fba6d27be2dc] RpcClient init label, labels = {module=naming, source=sdk}
2025-05-24 19:00:20.843  INFO 19396 --- [main] com.alibaba.nacos.common.remote.client   : [749a77af-6f35-4213-a434-fba6d27be2dc] RpcClient init, ServerListFactory = com.alibaba.nacos.client.naming.core.ServerListManager
2025-05-24 19:00:20.843  INFO 19396 --- [main] com.alibaba.nacos.common.remote.client   : [749a77af-6f35-4213-a434-fba6d27be2dc] Registry connection listener to current client:com.alibaba.nacos.client.naming.remote.gprc.redo.NamingGrpcRedoService
2025-05-24 19:00:20.844  INFO 19396 --- [main] com.alibaba.nacos.common.remote.client   : [749a77af-6f35-4213-a434-fba6d27be2dc] Register server push request handler:com.alibaba.nacos.client.naming.remote.gprc.NamingPushRequestHandler
2025-05-24 19:00:20.844  INFO 19396 --- [main] com.alibaba.nacos.common.remote.client   : [749a77af-6f35-4213-a434-fba6d27be2dc] Try to connect to server on start up, server: {serverIp = 'localhost', server main port = 8848}
2025-05-24 19:00:20.991  INFO 19396 --- [main] com.alibaba.nacos.common.remote.client   : [749a77af-6f35-4213-a434-fba6d27be2dc] Success to connect to server [localhost:8848] on start up, connectionId = 1748084420864_127.0.0.1_62937
2025-05-24 19:00:20.991  INFO 19396 --- [main] com.alibaba.nacos.common.remote.client   : [749a77af-6f35-4213-a434-fba6d27be2dc] Register server push request handler:com.alibaba.nacos.common.remote.client.RpcClient$ConnectResetRequestHandler
2025-05-24 19:00:20.992  INFO 19396 --- [main] com.alibaba.nacos.common.remote.client   : [749a77af-6f35-4213-a434-fba6d27be2dc] Register server push request handler:com.alibaba.nacos.common.remote.client.RpcClient$$Lambda$478/0x000001fd814d6370
2025-05-24 19:00:20.992  INFO 19396 --- [com.alibaba.nacos.client.remote.worker] com.alibaba.nacos.common.remote.client   : [749a77af-6f35-4213-a434-fba6d27be2dc] Notify connected event to listeners.
2025-05-24 19:00:21.082  INFO 19396 --- [main] o.s.b.w.embedded.tomcat.TomcatWebServer  : Tomcat started on port(s): 8086 (http) with context path ''
2025-05-24 19:00:21.099  INFO 19396 --- [main] c.a.c.n.registry.NacosServiceRegistry    : nacos registry, DEFAULT_GROUP transaction-service 192.168.190.1:8086 register finished
2025-05-24 19:00:21.572  INFO 19396 --- [nacos-grpc-client-executor-7] com.alibaba.nacos.common.remote.client   : [749a77af-6f35-4213-a434-fba6d27be2dc] Receive server push request, request = NotifySubscriberRequest, requestId = 5
2025-05-24 19:00:21.588  INFO 19396 --- [nacos-grpc-client-executor-7] com.alibaba.nacos.common.remote.client   : [749a77af-6f35-4213-a434-fba6d27be2dc] Ack server push request, request = NotifySubscriberRequest, requestId = 5
2025-05-24 19:00:22.010  INFO 19396 --- [main] d.s.w.p.DocumentationPluginsBootstrapper : Documentation plugins bootstrapped
2025-05-24 19:00:22.017  INFO 19396 --- [main] d.s.w.p.DocumentationPluginsBootstrapper : Found 1 custom documentation plugin(s)
2025-05-24 19:00:22.057  INFO 19396 --- [main] s.d.s.w.s.ApiListingReferenceScanner     : Scanning for api listing references
2025-05-24 19:00:22.264  INFO 19396 --- [main] c.s.w.t.TransactionApplication           : Started TransactionApplication in 14.729 seconds (JVM running for 16.075)
2025-05-24 19:00:22.277  INFO 19396 --- [main] c.a.c.n.refresh.NacosContextRefresher    : [Nacos Config] Listening config: dataId=transaction-service.yaml, group=DEFAULT_GROUP
2025-05-24 19:00:22.284  INFO 19396 --- [main] c.a.c.n.refresh.NacosContextRefresher    : [Nacos Config] Listening config: dataId=transaction-service, group=DEFAULT_GROUP
2025-05-24 19:00:27.701  INFO 6552 --- [main] c.s.w.r.RecommendationApplication        : No active profile set, falling back to 1 default profile: "default"
2025-05-24 19:00:29.031  WARN 6552 --- [main] o.m.s.mapper.ClassPathMapperScanner      : No MyBatis mapper was found in '[com.seme.wiseinvest.recommendation]' package. Please check your configuration.
2025-05-24 19:00:29.201  INFO 6552 --- [main] o.s.cloud.context.scope.GenericScope     : BeanFactory id=3886d4ed-5686-32da-a032-779b696e8625
2025-05-24 19:00:29.813  INFO 6552 --- [main] o.s.b.w.embedded.tomcat.TomcatWebServer  : Tomcat initialized with port(s): 8087 (http)
2025-05-24 19:00:29.828  INFO 6552 --- [main] o.apache.catalina.core.StandardService   : Starting service [Tomcat]
2025-05-24 19:00:29.828  INFO 6552 --- [main] org.apache.catalina.core.StandardEngine  : Starting Servlet engine: [Apache Tomcat/9.0.75]
2025-05-24 19:00:30.118  INFO 6552 --- [main] o.a.c.c.C.[Tomcat].[localhost].[/]       : Initializing Spring embedded WebApplicationContext
2025-05-24 19:00:30.118  INFO 6552 --- [main] w.s.c.ServletWebServerApplicationContext : Root WebApplicationContext: initialization completed in 2385 ms
2025-05-24 19:00:30.368  INFO 6552 --- [main] o.s.c.openfeign.FeignClientFactoryBean   : For 'account-service' URL not provided. Will try picking an instance via load-balancing.
2025-05-24 19:00:30.723  INFO 6552 --- [main] o.s.c.openfeign.FeignClientFactoryBean   : For 'product-service' URL not provided. Will try picking an instance via load-balancing.
2025-05-24 19:00:30.752  INFO 6552 --- [main] o.s.c.openfeign.FeignClientFactoryBean   : For 'transaction-service' URL not provided. Will try picking an instance via load-balancing.
2025-05-24 19:00:33.132  INFO 6552 --- [main] pertySourcedRequestMappingHandlerMapping : Mapped URL path [/v2/api-docs] onto method [springfox.documentation.swagger2.web.Swagger2ControllerWebMvc#getDocumentation(String, HttpServletRequest)]
2025-05-24 19:00:33.900  WARN 6552 --- [main] iguration$LoadBalancerCaffeineWarnLogger : Spring Cloud LoadBalancer is currently working with the default cache. While this cache implementation is useful for development and tests, it's recommended to use Caffeine cache in production.You can switch to using Caffeine cache, by adding it and org.springframework.cache.caffeine.CaffeineCacheManager to the classpath.
2025-05-24 19:00:34.016  INFO 6552 --- [main] com.alibaba.nacos.common.remote.client   : [RpcClientFactory] create a new rpc client of 0a7604c1-93e3-44d9-8226-c1fe87af8a58
2025-05-24 19:00:34.016  INFO 6552 --- [main] com.alibaba.nacos.common.remote.client   : [0a7604c1-93e3-44d9-8226-c1fe87af8a58] RpcClient init label, labels = {module=naming, source=sdk}
2025-05-24 19:00:34.023  INFO 6552 --- [main] com.alibaba.nacos.common.remote.client   : [0a7604c1-93e3-44d9-8226-c1fe87af8a58] RpcClient init, ServerListFactory = com.alibaba.nacos.client.naming.core.ServerListManager
2025-05-24 19:00:34.024  INFO 6552 --- [main] com.alibaba.nacos.common.remote.client   : [0a7604c1-93e3-44d9-8226-c1fe87af8a58] Registry connection listener to current client:com.alibaba.nacos.client.naming.remote.gprc.redo.NamingGrpcRedoService
2025-05-24 19:00:34.024  INFO 6552 --- [main] com.alibaba.nacos.common.remote.client   : [0a7604c1-93e3-44d9-8226-c1fe87af8a58] Register server push request handler:com.alibaba.nacos.client.naming.remote.gprc.NamingPushRequestHandler
2025-05-24 19:00:34.025  INFO 6552 --- [main] com.alibaba.nacos.common.remote.client   : [0a7604c1-93e3-44d9-8226-c1fe87af8a58] Try to connect to server on start up, server: {serverIp = 'localhost', server main port = 8848}
2025-05-24 19:00:34.169  INFO 6552 --- [main] com.alibaba.nacos.common.remote.client   : [0a7604c1-93e3-44d9-8226-c1fe87af8a58] Success to connect to server [localhost:8848] on start up, connectionId = 1748084434041_127.0.0.1_62956
2025-05-24 19:00:34.169  INFO 6552 --- [main] com.alibaba.nacos.common.remote.client   : [0a7604c1-93e3-44d9-8226-c1fe87af8a58] Register server push request handler:com.alibaba.nacos.common.remote.client.RpcClient$ConnectResetRequestHandler
2025-05-24 19:00:34.169  INFO 6552 --- [com.alibaba.nacos.client.remote.worker] com.alibaba.nacos.common.remote.client   : [0a7604c1-93e3-44d9-8226-c1fe87af8a58] Notify connected event to listeners.
2025-05-24 19:00:34.169  INFO 6552 --- [main] com.alibaba.nacos.common.remote.client   : [0a7604c1-93e3-44d9-8226-c1fe87af8a58] Register server push request handler:com.alibaba.nacos.common.remote.client.RpcClient$$Lambda$478/0x000002b3194d4200
2025-05-24 19:00:34.251  INFO 6552 --- [main] o.s.b.w.embedded.tomcat.TomcatWebServer  : Tomcat started on port(s): 8087 (http) with context path ''
2025-05-24 19:00:34.272  INFO 6552 --- [main] c.a.c.n.registry.NacosServiceRegistry    : nacos registry, DEFAULT_GROUP recommendation-service 192.168.190.1:8087 register finished
2025-05-24 19:00:34.760  INFO 6552 --- [nacos-grpc-client-executor-5] com.alibaba.nacos.common.remote.client   : [0a7604c1-93e3-44d9-8226-c1fe87af8a58] Receive server push request, request = NotifySubscriberRequest, requestId = 6
2025-05-24 19:00:34.778  INFO 6552 --- [nacos-grpc-client-executor-5] com.alibaba.nacos.common.remote.client   : [0a7604c1-93e3-44d9-8226-c1fe87af8a58] Ack server push request, request = NotifySubscriberRequest, requestId = 6
2025-05-24 19:00:35.001  INFO 6552 --- [main] d.s.w.p.DocumentationPluginsBootstrapper : Documentation plugins bootstrapped
2025-05-24 19:00:35.009  INFO 6552 --- [main] d.s.w.p.DocumentationPluginsBootstrapper : Found 1 custom documentation plugin(s)
2025-05-24 19:00:35.040  INFO 6552 --- [main] s.d.s.w.s.ApiListingReferenceScanner     : Scanning for api listing references
2025-05-24 19:00:35.265  INFO 6552 --- [main] c.s.w.r.RecommendationApplication        : Started RecommendationApplication in 13.584 seconds (JVM running for 15.099)
2025-05-24 19:00:35.279  INFO 6552 --- [main] c.a.c.n.refresh.NacosContextRefresher    : [Nacos Config] Listening config: dataId=recommendation-service, group=DEFAULT_GROUP
2025-05-24 19:00:35.280  INFO 6552 --- [main] c.a.c.n.refresh.NacosContextRefresher    : [Nacos Config] Listening config: dataId=recommendation-service.yaml, group=DEFAULT_GROUP
2025-05-24 19:00:40.971  INFO 6552 --- [http-nio-8087-exec-1] o.a.c.c.C.[Tomcat].[localhost].[/]       : Initializing Spring DispatcherServlet 'dispatcherServlet'
2025-05-24 19:00:40.971  INFO 6552 --- [http-nio-8087-exec-1] o.s.web.servlet.DispatcherServlet        : Initializing Servlet 'dispatcherServlet'
2025-05-24 19:00:40.974  INFO 6552 --- [http-nio-8087-exec-1] o.s.web.servlet.DispatcherServlet        : Completed initialization in 2 ms
2025-05-24 19:02:54.237  INFO 6552 --- [http-nio-8087-exec-6] c.s.w.r.s.i.RecommendationServiceImpl    : Starting personalized recommendations for fundAccount: 1923377329766207490
2025-05-24 19:02:54.740  INFO 11560 --- [http-nio-8081-exec-1] o.a.c.c.C.[Tomcat].[localhost].[/]       : Initializing Spring DispatcherServlet 'dispatcherServlet'
2025-05-24 19:02:54.740  INFO 11560 --- [http-nio-8081-exec-1] o.s.web.servlet.DispatcherServlet        : Initializing Servlet 'dispatcherServlet'
2025-05-24 19:02:54.742  INFO 11560 --- [http-nio-8081-exec-1] o.s.web.servlet.DispatcherServlet        : Completed initialization in 1 ms
2025-05-24 19:02:54.929  INFO 11560 --- [http-nio-8081-exec-1] com.zaxxer.hikari.HikariDataSource       : HikariPool-1 - Starting...
2025-05-24 19:02:54.973  INFO 6552 --- [nacos-grpc-client-executor-35] com.alibaba.nacos.common.remote.client   : [0a7604c1-93e3-44d9-8226-c1fe87af8a58] Receive server push request, request = NotifySubscriberRequest, requestId = 7
2025-05-24 19:02:54.973  INFO 6552 --- [nacos-grpc-client-executor-35] com.alibaba.nacos.common.remote.client   : [0a7604c1-93e3-44d9-8226-c1fe87af8a58] Ack server push request, request = NotifySubscriberRequest, requestId = 7
2025-05-24 19:02:55.629  INFO 11560 --- [http-nio-8081-exec-1] com.zaxxer.hikari.HikariDataSource       : HikariPool-1 - Start completed.
2025-05-24 19:02:56.115  INFO 19396 --- [http-nio-8086-exec-1] o.a.c.c.C.[Tomcat].[localhost].[/]       : Initializing Spring DispatcherServlet 'dispatcherServlet'
2025-05-24 19:02:56.116  INFO 19396 --- [http-nio-8086-exec-1] o.s.web.servlet.DispatcherServlet        : Initializing Servlet 'dispatcherServlet'
2025-05-24 19:02:56.117  INFO 19396 --- [http-nio-8086-exec-1] o.s.web.servlet.DispatcherServlet        : Completed initialization in 1 ms
2025-05-24 19:02:56.153  INFO 19396 --- [http-nio-8086-exec-1] c.s.w.t.service.impl.QueryServiceImpl    : Fetching holdings for fundAccount: 1923377329766207490
2025-05-24 19:02:56.442 ERROR 19396 --- [http-nio-8086-exec-1] c.s.w.t.service.impl.QueryServiceImpl    : Error processing trading accounts data for fundAccount 1923377329766207490: Cannot construct instance of `java.util.LinkedHashMap` (although at least one Creator exists): no String-argument constructor/factory method to deserialize from String value ('1923385219038121986')
 at [Source: UNKNOWN; byte offset: #UNKNOWN] (through reference chain: java.util.ArrayList[0]). Data: [1923385219038121986]

java.lang.IllegalArgumentException: Cannot construct instance of `java.util.LinkedHashMap` (although at least one Creator exists): no String-argument constructor/factory method to deserialize from String value ('1923385219038121986')
 at [Source: UNKNOWN; byte offset: #UNKNOWN] (through reference chain: java.util.ArrayList[0])
	at com.fasterxml.jackson.databind.ObjectMapper._convert(ObjectMapper.java:4393) ~[jackson-databind-2.13.5.jar:2.13.5]
	at com.fasterxml.jackson.databind.ObjectMapper.convertValue(ObjectMapper.java:4334) ~[jackson-databind-2.13.5.jar:2.13.5]
	at com.seme.wiseinvest.transaction.service.impl.QueryServiceImpl.getHoldingsByFundAccount(QueryServiceImpl.java:89) ~[classes/:na]
	at com.seme.wiseinvest.transaction.controller.QueryController.getHoldingsByFundAccount(QueryController.java:24) ~[classes/:na]
	at java.base/jdk.internal.reflect.NativeMethodAccessorImpl.invoke0(Native Method) ~[na:na]
	at java.base/jdk.internal.reflect.NativeMethodAccessorImpl.invoke(NativeMethodAccessorImpl.java:77) ~[na:na]
	at java.base/jdk.internal.reflect.DelegatingMethodAccessorImpl.invoke(DelegatingMethodAccessorImpl.java:43) ~[na:na]
	at java.base/java.lang.reflect.Method.invoke(Method.java:568) ~[na:na]
	at org.springframework.web.method.support.InvocableHandlerMethod.doInvoke(InvocableHandlerMethod.java:205) ~[spring-web-5.3.27.jar:5.3.27]
	at org.springframework.web.method.support.InvocableHandlerMethod.invokeForRequest(InvocableHandlerMethod.java:150) ~[spring-web-5.3.27.jar:5.3.27]
	at org.springframework.web.servlet.mvc.method.annotation.ServletInvocableHandlerMethod.invokeAndHandle(ServletInvocableHandlerMethod.java:117) ~[spring-webmvc-5.3.27.jar:5.3.27]
	at org.springframework.web.servlet.mvc.method.annotation.RequestMappingHandlerAdapter.invokeHandlerMethod(RequestMappingHandlerAdapter.java:895) ~[spring-webmvc-5.3.27.jar:5.3.27]
	at org.springframework.web.servlet.mvc.method.annotation.RequestMappingHandlerAdapter.handleInternal(RequestMappingHandlerAdapter.java:808) ~[spring-webmvc-5.3.27.jar:5.3.27]
	at org.springframework.web.servlet.mvc.method.AbstractHandlerMethodAdapter.handle(AbstractHandlerMethodAdapter.java:87) ~[spring-webmvc-5.3.27.jar:5.3.27]
	at org.springframework.web.servlet.DispatcherServlet.doDispatch(DispatcherServlet.java:1072) ~[spring-webmvc-5.3.27.jar:5.3.27]
	at org.springframework.web.servlet.DispatcherServlet.doService(DispatcherServlet.java:965) ~[spring-webmvc-5.3.27.jar:5.3.27]
	at org.springframework.web.servlet.FrameworkServlet.processRequest(FrameworkServlet.java:1006) ~[spring-webmvc-5.3.27.jar:5.3.27]
	at org.springframework.web.servlet.FrameworkServlet.doGet(FrameworkServlet.java:898) ~[spring-webmvc-5.3.27.jar:5.3.27]
	at javax.servlet.http.HttpServlet.service(HttpServlet.java:529) ~[tomcat-embed-core-9.0.75.jar:4.0.FR]
	at org.springframework.web.servlet.FrameworkServlet.service(FrameworkServlet.java:883) ~[spring-webmvc-5.3.27.jar:5.3.27]
	at javax.servlet.http.HttpServlet.service(HttpServlet.java:623) ~[tomcat-embed-core-9.0.75.jar:4.0.FR]
	at org.apache.catalina.core.ApplicationFilterChain.internalDoFilter(ApplicationFilterChain.java:209) ~[tomcat-embed-core-9.0.75.jar:9.0.75]
	at org.apache.catalina.core.ApplicationFilterChain.doFilter(ApplicationFilterChain.java:153) ~[tomcat-embed-core-9.0.75.jar:9.0.75]
	at org.apache.tomcat.websocket.server.WsFilter.doFilter(WsFilter.java:51) ~[tomcat-embed-websocket-9.0.75.jar:9.0.75]
	at org.apache.catalina.core.ApplicationFilterChain.internalDoFilter(ApplicationFilterChain.java:178) ~[tomcat-embed-core-9.0.75.jar:9.0.75]
	at org.apache.catalina.core.ApplicationFilterChain.doFilter(ApplicationFilterChain.java:153) ~[tomcat-embed-core-9.0.75.jar:9.0.75]
	at org.springframework.web.filter.RequestContextFilter.doFilterInternal(RequestContextFilter.java:100) ~[spring-web-5.3.27.jar:5.3.27]
	at org.springframework.web.filter.OncePerRequestFilter.doFilter(OncePerRequestFilter.java:117) ~[spring-web-5.3.27.jar:5.3.27]
	at org.apache.catalina.core.ApplicationFilterChain.internalDoFilter(ApplicationFilterChain.java:178) ~[tomcat-embed-core-9.0.75.jar:9.0.75]
	at org.apache.catalina.core.ApplicationFilterChain.doFilter(ApplicationFilterChain.java:153) ~[tomcat-embed-core-9.0.75.jar:9.0.75]
	at org.springframework.web.filter.FormContentFilter.doFilterInternal(FormContentFilter.java:93) ~[spring-web-5.3.27.jar:5.3.27]
	at org.springframework.web.filter.OncePerRequestFilter.doFilter(OncePerRequestFilter.java:117) ~[spring-web-5.3.27.jar:5.3.27]
	at org.apache.catalina.core.ApplicationFilterChain.internalDoFilter(ApplicationFilterChain.java:178) ~[tomcat-embed-core-9.0.75.jar:9.0.75]
	at org.apache.catalina.core.ApplicationFilterChain.doFilter(ApplicationFilterChain.java:153) ~[tomcat-embed-core-9.0.75.jar:9.0.75]
	at org.springframework.web.filter.CharacterEncodingFilter.doFilterInternal(CharacterEncodingFilter.java:201) ~[spring-web-5.3.27.jar:5.3.27]
	at org.springframework.web.filter.OncePerRequestFilter.doFilter(OncePerRequestFilter.java:117) ~[spring-web-5.3.27.jar:5.3.27]
	at org.apache.catalina.core.ApplicationFilterChain.internalDoFilter(ApplicationFilterChain.java:178) ~[tomcat-embed-core-9.0.75.jar:9.0.75]
	at org.apache.catalina.core.ApplicationFilterChain.doFilter(ApplicationFilterChain.java:153) ~[tomcat-embed-core-9.0.75.jar:9.0.75]
	at org.apache.catalina.core.StandardWrapperValve.invoke(StandardWrapperValve.java:167) ~[tomcat-embed-core-9.0.75.jar:9.0.75]
	at org.apache.catalina.core.StandardContextValve.invoke(StandardContextValve.java:90) ~[tomcat-embed-core-9.0.75.jar:9.0.75]
	at org.apache.catalina.authenticator.AuthenticatorBase.invoke(AuthenticatorBase.java:481) ~[tomcat-embed-core-9.0.75.jar:9.0.75]
	at org.apache.catalina.core.StandardHostValve.invoke(StandardHostValve.java:130) ~[tomcat-embed-core-9.0.75.jar:9.0.75]
	at org.apache.catalina.valves.ErrorReportValve.invoke(ErrorReportValve.java:93) ~[tomcat-embed-core-9.0.75.jar:9.0.75]
	at org.apache.catalina.core.StandardEngineValve.invoke(StandardEngineValve.java:74) ~[tomcat-embed-core-9.0.75.jar:9.0.75]
	at org.apache.catalina.connector.CoyoteAdapter.service(CoyoteAdapter.java:343) ~[tomcat-embed-core-9.0.75.jar:9.0.75]
	at org.apache.coyote.http11.Http11Processor.service(Http11Processor.java:390) ~[tomcat-embed-core-9.0.75.jar:9.0.75]
	at org.apache.coyote.AbstractProcessorLight.process(AbstractProcessorLight.java:63) ~[tomcat-embed-core-9.0.75.jar:9.0.75]
	at org.apache.coyote.AbstractProtocol$ConnectionHandler.process(AbstractProtocol.java:926) ~[tomcat-embed-core-9.0.75.jar:9.0.75]
	at org.apache.tomcat.util.net.NioEndpoint$SocketProcessor.doRun(NioEndpoint.java:1791) ~[tomcat-embed-core-9.0.75.jar:9.0.75]
	at org.apache.tomcat.util.net.SocketProcessorBase.run(SocketProcessorBase.java:52) ~[tomcat-embed-core-9.0.75.jar:9.0.75]
	at org.apache.tomcat.util.threads.ThreadPoolExecutor.runWorker(ThreadPoolExecutor.java:1191) ~[tomcat-embed-core-9.0.75.jar:9.0.75]
	at org.apache.tomcat.util.threads.ThreadPoolExecutor$Worker.run(ThreadPoolExecutor.java:659) ~[tomcat-embed-core-9.0.75.jar:9.0.75]
	at org.apache.tomcat.util.threads.TaskThread$WrappingRunnable.run(TaskThread.java:61) ~[tomcat-embed-core-9.0.75.jar:9.0.75]
	at java.base/java.lang.Thread.run(Thread.java:842) ~[na:na]
Caused by: com.fasterxml.jackson.databind.exc.MismatchedInputException: Cannot construct instance of `java.util.LinkedHashMap` (although at least one Creator exists): no String-argument constructor/factory method to deserialize from String value ('1923385219038121986')
 at [Source: UNKNOWN; byte offset: #UNKNOWN] (through reference chain: java.util.ArrayList[0])
	at com.fasterxml.jackson.databind.exc.MismatchedInputException.from(MismatchedInputException.java:63) ~[jackson-databind-2.13.5.jar:2.13.5]
	at com.fasterxml.jackson.databind.DeserializationContext.reportInputMismatch(DeserializationContext.java:1728) ~[jackson-databind-2.13.5.jar:2.13.5]
	at com.fasterxml.jackson.databind.DeserializationContext.handleMissingInstantiator(DeserializationContext.java:1353) ~[jackson-databind-2.13.5.jar:2.13.5]
	at com.fasterxml.jackson.databind.deser.std.StdDeserializer._deserializeFromString(StdDeserializer.java:311) ~[jackson-databind-2.13.5.jar:2.13.5]
	at com.fasterxml.jackson.databind.deser.std.MapDeserializer.deserialize(MapDeserializer.java:444) ~[jackson-databind-2.13.5.jar:2.13.5]
	at com.fasterxml.jackson.databind.deser.std.MapDeserializer.deserialize(MapDeserializer.java:32) ~[jackson-databind-2.13.5.jar:2.13.5]
	at com.fasterxml.jackson.databind.deser.std.CollectionDeserializer._deserializeFromArray(CollectionDeserializer.java:355) ~[jackson-databind-2.13.5.jar:2.13.5]
	at com.fasterxml.jackson.databind.deser.std.CollectionDeserializer.deserialize(CollectionDeserializer.java:244) ~[jackson-databind-2.13.5.jar:2.13.5]
	at com.fasterxml.jackson.databind.deser.std.CollectionDeserializer.deserialize(CollectionDeserializer.java:28) ~[jackson-databind-2.13.5.jar:2.13.5]
	at com.fasterxml.jackson.databind.ObjectMapper._convert(ObjectMapper.java:4388) ~[jackson-databind-2.13.5.jar:2.13.5]
	... 53 common frames omitted

2025-05-24 19:02:56.498  INFO 6552 --- [nacos-grpc-client-executor-38] com.alibaba.nacos.common.remote.client   : [0a7604c1-93e3-44d9-8226-c1fe87af8a58] Receive server push request, request = NotifySubscriberRequest, requestId = 8
2025-05-24 19:02:56.505  INFO 6552 --- [nacos-grpc-client-executor-38] com.alibaba.nacos.common.remote.client   : [0a7604c1-93e3-44d9-8226-c1fe87af8a58] Ack server push request, request = NotifySubscriberRequest, requestId = 8
2025-05-24 19:02:56.669  INFO 7376 --- [http-nio-8083-exec-1] o.a.c.c.C.[Tomcat].[localhost].[/]       : Initializing Spring DispatcherServlet 'dispatcherServlet'
2025-05-24 19:02:56.670  INFO 7376 --- [http-nio-8083-exec-1] o.s.web.servlet.DispatcherServlet        : Initializing Servlet 'dispatcherServlet'
2025-05-24 19:02:56.671  INFO 7376 --- [http-nio-8083-exec-1] o.s.web.servlet.DispatcherServlet        : Completed initialization in 1 ms
2025-05-24 19:02:56.760  INFO 7376 --- [http-nio-8083-exec-1] com.zaxxer.hikari.HikariDataSource       : HikariPool-1 - Starting...
2025-05-24 19:02:56.824  INFO 19396 --- [nacos-grpc-client-executor-39] com.alibaba.nacos.common.remote.client   : [749a77af-6f35-4213-a434-fba6d27be2dc] Receive server push request, request = NotifySubscriberRequest, requestId = 9
2025-05-24 19:02:56.824  INFO 19396 --- [nacos-grpc-client-executor-39] com.alibaba.nacos.common.remote.client   : [749a77af-6f35-4213-a434-fba6d27be2dc] Ack server push request, request = NotifySubscriberRequest, requestId = 9
2025-05-24 19:02:57.042  INFO 6552 --- [nacos-grpc-client-executor-41] com.alibaba.nacos.common.remote.client   : [0a7604c1-93e3-44d9-8226-c1fe87af8a58] Receive server push request, request = NotifySubscriberRequest, requestId = 10
2025-05-24 19:02:57.043  INFO 6552 --- [nacos-grpc-client-executor-41] com.alibaba.nacos.common.remote.client   : [0a7604c1-93e3-44d9-8226-c1fe87af8a58] Ack server push request, request = NotifySubscriberRequest, requestId = 10
2025-05-24 19:02:57.239  INFO 7376 --- [http-nio-8083-exec-1] com.zaxxer.hikari.HikariDataSource       : HikariPool-1 - Start completed.
2025-05-24 19:02:57.458  INFO 6552 --- [http-nio-8087-exec-6] c.s.w.r.s.i.RecommendationServiceImpl    : Personalized recommendation for fundAccount: 1923377329766207490, userRiskLevel: 1
2025-05-24 19:02:57.461  INFO 6552 --- [http-nio-8087-exec-6] c.s.w.r.s.i.RecommendationServiceImpl    : Returning 3 recommendations for fundAccount: 1923377329766207490
2025-05-24 19:06:43.872  WARN 6552 --- [Thread-1] c.a.n.common.http.HttpClientBeanHolder   : [HttpClientBeanHolder] Start destroying common HttpClient
2025-05-24 19:06:43.872  WARN 6552 --- [Thread-5] c.a.nacos.common.notify.NotifyCenter     : [NotifyCenter] Start destroying Publisher
2025-05-24 19:06:43.874  WARN 6552 --- [Thread-5] c.a.nacos.common.notify.NotifyCenter     : [NotifyCenter] Destruction of the end
2025-05-24 19:06:43.876  WARN 6552 --- [Thread-1] c.a.n.common.http.HttpClientBeanHolder   : [HttpClientBeanHolder] Destruction of the end
2025-05-24 19:06:43.962  INFO 6552 --- [SpringApplicationShutdownHook] c.a.c.n.registry.NacosServiceRegistry    : De-registering from Nacos Server now...
2025-05-24 19:06:43.995  INFO 6552 --- [SpringApplicationShutdownHook] c.a.c.n.registry.NacosServiceRegistry    : De-registration finished.
2025-05-24 19:06:44.308  INFO 6552 --- [SpringApplicationShutdownHook] com.alibaba.nacos.common.remote.client   : Shutdown rpc client, set status to shutdown
2025-05-24 19:06:44.309  INFO 6552 --- [SpringApplicationShutdownHook] com.alibaba.nacos.common.remote.client   : Shutdown client event executor java.util.concurrent.ScheduledThreadPoolExecutor@2b2bcd0a[Running, pool size = 2, active threads = 2, queued tasks = 0, completed tasks = 0]
2025-05-24 19:06:44.309  INFO 6552 --- [SpringApplicationShutdownHook] com.alibaba.nacos.common.remote.client   : Close current connection 1748084434041_127.0.0.1_62956
2025-05-24 19:06:44.320  INFO 6552 --- [nacos-grpc-client-executor-95] c.a.n.c.remote.client.grpc.GrpcClient    : [1748084434041_127.0.0.1_62956]Ignore complete event,isRunning:false,isAbandon=false
2025-05-24 19:06:44.331  INFO 6552 --- [SpringApplicationShutdownHook] c.a.n.c.remote.client.grpc.GrpcClient    : Shutdown grpc executor java.util.concurrent.ThreadPoolExecutor@15086f31[Running, pool size = 5, active threads = 0, queued tasks = 0, completed tasks = 96]
2025-05-24 19:07:07.647  INFO 48312 --- [main] c.s.w.r.RecommendationApplication        : No active profile set, falling back to 1 default profile: "default"
2025-05-24 19:07:09.677  WARN 48312 --- [main] o.m.s.mapper.ClassPathMapperScanner      : No MyBatis mapper was found in '[com.seme.wiseinvest.recommendation]' package. Please check your configuration.
2025-05-24 19:07:09.866  INFO 48312 --- [main] o.s.cloud.context.scope.GenericScope     : BeanFactory id=3886d4ed-5686-32da-a032-779b696e8625
2025-05-24 19:07:10.828  INFO 48312 --- [main] o.s.b.w.embedded.tomcat.TomcatWebServer  : Tomcat initialized with port(s): 8087 (http)
2025-05-24 19:07:10.853  INFO 48312 --- [main] o.apache.catalina.core.StandardService   : Starting service [Tomcat]
2025-05-24 19:07:10.855  INFO 48312 --- [main] org.apache.catalina.core.StandardEngine  : Starting Servlet engine: [Apache Tomcat/9.0.75]
2025-05-24 19:07:11.479  INFO 48312 --- [main] o.a.c.c.C.[Tomcat].[localhost].[/]       : Initializing Spring embedded WebApplicationContext
2025-05-24 19:07:11.480  INFO 48312 --- [main] w.s.c.ServletWebServerApplicationContext : Root WebApplicationContext: initialization completed in 3778 ms
2025-05-24 19:07:11.889  INFO 48312 --- [main] o.s.c.openfeign.FeignClientFactoryBean   : For 'account-service' URL not provided. Will try picking an instance via load-balancing.
2025-05-24 19:07:12.414  INFO 48312 --- [main] o.s.c.openfeign.FeignClientFactoryBean   : For 'product-service' URL not provided. Will try picking an instance via load-balancing.
2025-05-24 19:07:12.494  INFO 48312 --- [main] o.s.c.openfeign.FeignClientFactoryBean   : For 'transaction-service' URL not provided. Will try picking an instance via load-balancing.
2025-05-24 19:07:15.306  INFO 48312 --- [main] pertySourcedRequestMappingHandlerMapping : Mapped URL path [/v2/api-docs] onto method [springfox.documentation.swagger2.web.Swagger2ControllerWebMvc#getDocumentation(String, HttpServletRequest)]
2025-05-24 19:07:16.137  WARN 48312 --- [main] iguration$LoadBalancerCaffeineWarnLogger : Spring Cloud LoadBalancer is currently working with the default cache. While this cache implementation is useful for development and tests, it's recommended to use Caffeine cache in production.You can switch to using Caffeine cache, by adding it and org.springframework.cache.caffeine.CaffeineCacheManager to the classpath.
2025-05-24 19:07:16.291  INFO 48312 --- [main] com.alibaba.nacos.common.remote.client   : [RpcClientFactory] create a new rpc client of fe9eaff0-240f-4c41-a15c-29529547e16f
2025-05-24 19:07:16.291  INFO 48312 --- [main] com.alibaba.nacos.common.remote.client   : [fe9eaff0-240f-4c41-a15c-29529547e16f] RpcClient init label, labels = {module=naming, source=sdk}
2025-05-24 19:07:16.295  INFO 48312 --- [main] com.alibaba.nacos.common.remote.client   : [fe9eaff0-240f-4c41-a15c-29529547e16f] RpcClient init, ServerListFactory = com.alibaba.nacos.client.naming.core.ServerListManager
2025-05-24 19:07:16.296  INFO 48312 --- [main] com.alibaba.nacos.common.remote.client   : [fe9eaff0-240f-4c41-a15c-29529547e16f] Registry connection listener to current client:com.alibaba.nacos.client.naming.remote.gprc.redo.NamingGrpcRedoService
2025-05-24 19:07:16.296  INFO 48312 --- [main] com.alibaba.nacos.common.remote.client   : [fe9eaff0-240f-4c41-a15c-29529547e16f] Register server push request handler:com.alibaba.nacos.client.naming.remote.gprc.NamingPushRequestHandler
2025-05-24 19:07:16.297  INFO 48312 --- [main] com.alibaba.nacos.common.remote.client   : [fe9eaff0-240f-4c41-a15c-29529547e16f] Try to connect to server on start up, server: {serverIp = 'localhost', server main port = 8848}
2025-05-24 19:07:16.426  INFO 48312 --- [main] com.alibaba.nacos.common.remote.client   : [fe9eaff0-240f-4c41-a15c-29529547e16f] Success to connect to server [localhost:8848] on start up, connectionId = 1748084836310_127.0.0.1_63403
2025-05-24 19:07:16.427  INFO 48312 --- [main] com.alibaba.nacos.common.remote.client   : [fe9eaff0-240f-4c41-a15c-29529547e16f] Register server push request handler:com.alibaba.nacos.common.remote.client.RpcClient$ConnectResetRequestHandler
2025-05-24 19:07:16.427  INFO 48312 --- [com.alibaba.nacos.client.remote.worker] com.alibaba.nacos.common.remote.client   : [fe9eaff0-240f-4c41-a15c-29529547e16f] Notify connected event to listeners.
2025-05-24 19:07:16.427  INFO 48312 --- [main] com.alibaba.nacos.common.remote.client   : [fe9eaff0-240f-4c41-a15c-29529547e16f] Register server push request handler:com.alibaba.nacos.common.remote.client.RpcClient$$Lambda$479/0x00000253294e8fb0
2025-05-24 19:07:16.533  INFO 48312 --- [main] o.s.b.w.embedded.tomcat.TomcatWebServer  : Tomcat started on port(s): 8087 (http) with context path ''
2025-05-24 19:07:16.547  INFO 48312 --- [main] c.a.c.n.registry.NacosServiceRegistry    : nacos registry, DEFAULT_GROUP recommendation-service 192.168.190.1:8087 register finished
2025-05-24 19:07:17.037  INFO 48312 --- [nacos-grpc-client-executor-5] com.alibaba.nacos.common.remote.client   : [fe9eaff0-240f-4c41-a15c-29529547e16f] Receive server push request, request = NotifySubscriberRequest, requestId = 11
2025-05-24 19:07:17.051  INFO 48312 --- [nacos-grpc-client-executor-5] com.alibaba.nacos.common.remote.client   : [fe9eaff0-240f-4c41-a15c-29529547e16f] Ack server push request, request = NotifySubscriberRequest, requestId = 11
2025-05-24 19:07:17.242  INFO 48312 --- [main] d.s.w.p.DocumentationPluginsBootstrapper : Documentation plugins bootstrapped
2025-05-24 19:07:17.251  INFO 48312 --- [main] d.s.w.p.DocumentationPluginsBootstrapper : Found 1 custom documentation plugin(s)
2025-05-24 19:07:17.306  INFO 48312 --- [main] s.d.s.w.s.ApiListingReferenceScanner     : Scanning for api listing references
2025-05-24 19:07:17.503  INFO 48312 --- [main] c.s.w.r.RecommendationApplication        : Started RecommendationApplication in 16.059 seconds (JVM running for 17.476)
2025-05-24 19:07:17.513  INFO 48312 --- [main] c.a.c.n.refresh.NacosContextRefresher    : [Nacos Config] Listening config: dataId=recommendation-service, group=DEFAULT_GROUP
2025-05-24 19:07:17.515  INFO 48312 --- [main] c.a.c.n.refresh.NacosContextRefresher    : [Nacos Config] Listening config: dataId=recommendation-service.yaml, group=DEFAULT_GROUP
2025-05-24 19:08:15.879  INFO 48312 --- [http-nio-8087-exec-1] o.a.c.c.C.[Tomcat].[localhost].[/]       : Initializing Spring DispatcherServlet 'dispatcherServlet'
2025-05-24 19:08:15.880  INFO 48312 --- [http-nio-8087-exec-1] o.s.web.servlet.DispatcherServlet        : Initializing Servlet 'dispatcherServlet'
2025-05-24 19:08:15.882  INFO 48312 --- [http-nio-8087-exec-1] o.s.web.servlet.DispatcherServlet        : Completed initialization in 2 ms
2025-05-24 19:08:34.070  INFO 48312 --- [http-nio-8087-exec-7] c.s.w.r.s.i.RecommendationServiceImpl    : Starting personalized recommendations for fundAccount: 1923377329766207490
2025-05-24 19:08:34.545  INFO 19396 --- [http-nio-8086-exec-3] c.s.w.t.service.impl.QueryServiceImpl    : Fetching holdings for fundAccount: 1923377329766207490
2025-05-24 19:08:34.581 ERROR 19396 --- [http-nio-8086-exec-3] c.s.w.t.service.impl.QueryServiceImpl    : Error processing trading accounts data for fundAccount 1923377329766207490: Cannot construct instance of `java.util.LinkedHashMap` (although at least one Creator exists): no String-argument constructor/factory method to deserialize from String value ('1923385219038121986')
 at [Source: UNKNOWN; byte offset: #UNKNOWN] (through reference chain: java.util.ArrayList[0]). Data: [1923385219038121986]

java.lang.IllegalArgumentException: Cannot construct instance of `java.util.LinkedHashMap` (although at least one Creator exists): no String-argument constructor/factory method to deserialize from String value ('1923385219038121986')
 at [Source: UNKNOWN; byte offset: #UNKNOWN] (through reference chain: java.util.ArrayList[0])
	at com.fasterxml.jackson.databind.ObjectMapper._convert(ObjectMapper.java:4393) ~[jackson-databind-2.13.5.jar:2.13.5]
	at com.fasterxml.jackson.databind.ObjectMapper.convertValue(ObjectMapper.java:4334) ~[jackson-databind-2.13.5.jar:2.13.5]
	at com.seme.wiseinvest.transaction.service.impl.QueryServiceImpl.getHoldingsByFundAccount(QueryServiceImpl.java:89) ~[classes/:na]
	at com.seme.wiseinvest.transaction.controller.QueryController.getHoldingsByFundAccount(QueryController.java:24) ~[classes/:na]
	at java.base/jdk.internal.reflect.NativeMethodAccessorImpl.invoke0(Native Method) ~[na:na]
	at java.base/jdk.internal.reflect.NativeMethodAccessorImpl.invoke(NativeMethodAccessorImpl.java:77) ~[na:na]
	at java.base/jdk.internal.reflect.DelegatingMethodAccessorImpl.invoke(DelegatingMethodAccessorImpl.java:43) ~[na:na]
	at java.base/java.lang.reflect.Method.invoke(Method.java:568) ~[na:na]
	at org.springframework.web.method.support.InvocableHandlerMethod.doInvoke(InvocableHandlerMethod.java:205) ~[spring-web-5.3.27.jar:5.3.27]
	at org.springframework.web.method.support.InvocableHandlerMethod.invokeForRequest(InvocableHandlerMethod.java:150) ~[spring-web-5.3.27.jar:5.3.27]
	at org.springframework.web.servlet.mvc.method.annotation.ServletInvocableHandlerMethod.invokeAndHandle(ServletInvocableHandlerMethod.java:117) ~[spring-webmvc-5.3.27.jar:5.3.27]
	at org.springframework.web.servlet.mvc.method.annotation.RequestMappingHandlerAdapter.invokeHandlerMethod(RequestMappingHandlerAdapter.java:895) ~[spring-webmvc-5.3.27.jar:5.3.27]
	at org.springframework.web.servlet.mvc.method.annotation.RequestMappingHandlerAdapter.handleInternal(RequestMappingHandlerAdapter.java:808) ~[spring-webmvc-5.3.27.jar:5.3.27]
	at org.springframework.web.servlet.mvc.method.AbstractHandlerMethodAdapter.handle(AbstractHandlerMethodAdapter.java:87) ~[spring-webmvc-5.3.27.jar:5.3.27]
	at org.springframework.web.servlet.DispatcherServlet.doDispatch(DispatcherServlet.java:1072) ~[spring-webmvc-5.3.27.jar:5.3.27]
	at org.springframework.web.servlet.DispatcherServlet.doService(DispatcherServlet.java:965) ~[spring-webmvc-5.3.27.jar:5.3.27]
	at org.springframework.web.servlet.FrameworkServlet.processRequest(FrameworkServlet.java:1006) ~[spring-webmvc-5.3.27.jar:5.3.27]
	at org.springframework.web.servlet.FrameworkServlet.doGet(FrameworkServlet.java:898) ~[spring-webmvc-5.3.27.jar:5.3.27]
	at javax.servlet.http.HttpServlet.service(HttpServlet.java:529) ~[tomcat-embed-core-9.0.75.jar:4.0.FR]
	at org.springframework.web.servlet.FrameworkServlet.service(FrameworkServlet.java:883) ~[spring-webmvc-5.3.27.jar:5.3.27]
	at javax.servlet.http.HttpServlet.service(HttpServlet.java:623) ~[tomcat-embed-core-9.0.75.jar:4.0.FR]
	at org.apache.catalina.core.ApplicationFilterChain.internalDoFilter(ApplicationFilterChain.java:209) ~[tomcat-embed-core-9.0.75.jar:9.0.75]
	at org.apache.catalina.core.ApplicationFilterChain.doFilter(ApplicationFilterChain.java:153) ~[tomcat-embed-core-9.0.75.jar:9.0.75]
	at org.apache.tomcat.websocket.server.WsFilter.doFilter(WsFilter.java:51) ~[tomcat-embed-websocket-9.0.75.jar:9.0.75]
	at org.apache.catalina.core.ApplicationFilterChain.internalDoFilter(ApplicationFilterChain.java:178) ~[tomcat-embed-core-9.0.75.jar:9.0.75]
	at org.apache.catalina.core.ApplicationFilterChain.doFilter(ApplicationFilterChain.java:153) ~[tomcat-embed-core-9.0.75.jar:9.0.75]
	at org.springframework.web.filter.RequestContextFilter.doFilterInternal(RequestContextFilter.java:100) ~[spring-web-5.3.27.jar:5.3.27]
	at org.springframework.web.filter.OncePerRequestFilter.doFilter(OncePerRequestFilter.java:117) ~[spring-web-5.3.27.jar:5.3.27]
	at org.apache.catalina.core.ApplicationFilterChain.internalDoFilter(ApplicationFilterChain.java:178) ~[tomcat-embed-core-9.0.75.jar:9.0.75]
	at org.apache.catalina.core.ApplicationFilterChain.doFilter(ApplicationFilterChain.java:153) ~[tomcat-embed-core-9.0.75.jar:9.0.75]
	at org.springframework.web.filter.FormContentFilter.doFilterInternal(FormContentFilter.java:93) ~[spring-web-5.3.27.jar:5.3.27]
	at org.springframework.web.filter.OncePerRequestFilter.doFilter(OncePerRequestFilter.java:117) ~[spring-web-5.3.27.jar:5.3.27]
	at org.apache.catalina.core.ApplicationFilterChain.internalDoFilter(ApplicationFilterChain.java:178) ~[tomcat-embed-core-9.0.75.jar:9.0.75]
	at org.apache.catalina.core.ApplicationFilterChain.doFilter(ApplicationFilterChain.java:153) ~[tomcat-embed-core-9.0.75.jar:9.0.75]
	at org.springframework.web.filter.CharacterEncodingFilter.doFilterInternal(CharacterEncodingFilter.java:201) ~[spring-web-5.3.27.jar:5.3.27]
	at org.springframework.web.filter.OncePerRequestFilter.doFilter(OncePerRequestFilter.java:117) ~[spring-web-5.3.27.jar:5.3.27]
	at org.apache.catalina.core.ApplicationFilterChain.internalDoFilter(ApplicationFilterChain.java:178) ~[tomcat-embed-core-9.0.75.jar:9.0.75]
	at org.apache.catalina.core.ApplicationFilterChain.doFilter(ApplicationFilterChain.java:153) ~[tomcat-embed-core-9.0.75.jar:9.0.75]
	at org.apache.catalina.core.StandardWrapperValve.invoke(StandardWrapperValve.java:167) ~[tomcat-embed-core-9.0.75.jar:9.0.75]
	at org.apache.catalina.core.StandardContextValve.invoke(StandardContextValve.java:90) ~[tomcat-embed-core-9.0.75.jar:9.0.75]
	at org.apache.catalina.authenticator.AuthenticatorBase.invoke(AuthenticatorBase.java:481) ~[tomcat-embed-core-9.0.75.jar:9.0.75]
	at org.apache.catalina.core.StandardHostValve.invoke(StandardHostValve.java:130) ~[tomcat-embed-core-9.0.75.jar:9.0.75]
	at org.apache.catalina.valves.ErrorReportValve.invoke(ErrorReportValve.java:93) ~[tomcat-embed-core-9.0.75.jar:9.0.75]
	at org.apache.catalina.core.StandardEngineValve.invoke(StandardEngineValve.java:74) ~[tomcat-embed-core-9.0.75.jar:9.0.75]
	at org.apache.catalina.connector.CoyoteAdapter.service(CoyoteAdapter.java:343) ~[tomcat-embed-core-9.0.75.jar:9.0.75]
	at org.apache.coyote.http11.Http11Processor.service(Http11Processor.java:390) ~[tomcat-embed-core-9.0.75.jar:9.0.75]
	at org.apache.coyote.AbstractProcessorLight.process(AbstractProcessorLight.java:63) ~[tomcat-embed-core-9.0.75.jar:9.0.75]
	at org.apache.coyote.AbstractProtocol$ConnectionHandler.process(AbstractProtocol.java:926) ~[tomcat-embed-core-9.0.75.jar:9.0.75]
	at org.apache.tomcat.util.net.NioEndpoint$SocketProcessor.doRun(NioEndpoint.java:1791) ~[tomcat-embed-core-9.0.75.jar:9.0.75]
	at org.apache.tomcat.util.net.SocketProcessorBase.run(SocketProcessorBase.java:52) ~[tomcat-embed-core-9.0.75.jar:9.0.75]
	at org.apache.tomcat.util.threads.ThreadPoolExecutor.runWorker(ThreadPoolExecutor.java:1191) ~[tomcat-embed-core-9.0.75.jar:9.0.75]
	at org.apache.tomcat.util.threads.ThreadPoolExecutor$Worker.run(ThreadPoolExecutor.java:659) ~[tomcat-embed-core-9.0.75.jar:9.0.75]
	at org.apache.tomcat.util.threads.TaskThread$WrappingRunnable.run(TaskThread.java:61) ~[tomcat-embed-core-9.0.75.jar:9.0.75]
	at java.base/java.lang.Thread.run(Thread.java:842) ~[na:na]
Caused by: com.fasterxml.jackson.databind.exc.MismatchedInputException: Cannot construct instance of `java.util.LinkedHashMap` (although at least one Creator exists): no String-argument constructor/factory method to deserialize from String value ('1923385219038121986')
 at [Source: UNKNOWN; byte offset: #UNKNOWN] (through reference chain: java.util.ArrayList[0])
	at com.fasterxml.jackson.databind.exc.MismatchedInputException.from(MismatchedInputException.java:63) ~[jackson-databind-2.13.5.jar:2.13.5]
	at com.fasterxml.jackson.databind.DeserializationContext.reportInputMismatch(DeserializationContext.java:1728) ~[jackson-databind-2.13.5.jar:2.13.5]
	at com.fasterxml.jackson.databind.DeserializationContext.handleMissingInstantiator(DeserializationContext.java:1353) ~[jackson-databind-2.13.5.jar:2.13.5]
	at com.fasterxml.jackson.databind.deser.std.StdDeserializer._deserializeFromString(StdDeserializer.java:311) ~[jackson-databind-2.13.5.jar:2.13.5]
	at com.fasterxml.jackson.databind.deser.std.MapDeserializer.deserialize(MapDeserializer.java:444) ~[jackson-databind-2.13.5.jar:2.13.5]
	at com.fasterxml.jackson.databind.deser.std.MapDeserializer.deserialize(MapDeserializer.java:32) ~[jackson-databind-2.13.5.jar:2.13.5]
	at com.fasterxml.jackson.databind.deser.std.CollectionDeserializer._deserializeFromArray(CollectionDeserializer.java:355) ~[jackson-databind-2.13.5.jar:2.13.5]
	at com.fasterxml.jackson.databind.deser.std.CollectionDeserializer.deserialize(CollectionDeserializer.java:244) ~[jackson-databind-2.13.5.jar:2.13.5]
	at com.fasterxml.jackson.databind.deser.std.CollectionDeserializer.deserialize(CollectionDeserializer.java:28) ~[jackson-databind-2.13.5.jar:2.13.5]
	at com.fasterxml.jackson.databind.ObjectMapper._convert(ObjectMapper.java:4388) ~[jackson-databind-2.13.5.jar:2.13.5]
	... 53 common frames omitted

2025-05-24 19:08:34.750  INFO 48312 --- [http-nio-8087-exec-7] c.s.w.r.s.i.RecommendationServiceImpl    : Personalized recommendation for fundAccount: 1923377329766207490, userRiskLevel: 1
2025-05-24 19:08:34.754  INFO 48312 --- [http-nio-8087-exec-7] c.s.w.r.s.i.RecommendationServiceImpl    : Returning 6 recommendations for fundAccount: 1923377329766207490
2025-05-24 19:08:34.823  INFO 48312 --- [nacos-grpc-client-executor-24] com.alibaba.nacos.common.remote.client   : [fe9eaff0-240f-4c41-a15c-29529547e16f] Receive server push request, request = NotifySubscriberRequest, requestId = 12
2025-05-24 19:08:34.825  INFO 48312 --- [nacos-grpc-client-executor-24] com.alibaba.nacos.common.remote.client   : [fe9eaff0-240f-4c41-a15c-29529547e16f] Ack server push request, request = NotifySubscriberRequest, requestId = 12
2025-05-24 19:08:35.044  INFO 48312 --- [nacos-grpc-client-executor-25] com.alibaba.nacos.common.remote.client   : [fe9eaff0-240f-4c41-a15c-29529547e16f] Receive server push request, request = NotifySubscriberRequest, requestId = 13
2025-05-24 19:08:35.045  INFO 48312 --- [nacos-grpc-client-executor-25] com.alibaba.nacos.common.remote.client   : [fe9eaff0-240f-4c41-a15c-29529547e16f] Ack server push request, request = NotifySubscriberRequest, requestId = 13
2025-05-24 19:08:35.259  INFO 48312 --- [nacos-grpc-client-executor-26] com.alibaba.nacos.common.remote.client   : [fe9eaff0-240f-4c41-a15c-29529547e16f] Receive server push request, request = NotifySubscriberRequest, requestId = 14
2025-05-24 19:08:35.260  INFO 48312 --- [nacos-grpc-client-executor-26] com.alibaba.nacos.common.remote.client   : [fe9eaff0-240f-4c41-a15c-29529547e16f] Ack server push request, request = NotifySubscriberRequest, requestId = 14
2025-05-24 19:26:07.712  INFO 19216 --- [nacos-grpc-client-executor-335] com.alibaba.nacos.common.remote.client   : [6c0c2a93-2e03-426a-9a19-5bcd02165d2f] Receive server push request, request = NotifySubscriberRequest, requestId = 15
2025-05-24 19:26:07.714  INFO 19216 --- [nacos-grpc-client-executor-335] com.alibaba.nacos.common.remote.client   : [6c0c2a93-2e03-426a-9a19-5bcd02165d2f] Ack server push request, request = NotifySubscriberRequest, requestId = 15
2025-05-24 19:43:34.958  WARN 19216 --- [Thread-5] c.a.nacos.common.notify.NotifyCenter     : [NotifyCenter] Start destroying Publisher
2025-05-24 19:43:34.958  WARN 19216 --- [Thread-1] c.a.n.common.http.HttpClientBeanHolder   : [HttpClientBeanHolder] Start destroying common HttpClient
2025-05-24 19:43:34.963  WARN 19216 --- [Thread-5] c.a.nacos.common.notify.NotifyCenter     : [NotifyCenter] Destruction of the end
2025-05-24 19:43:34.964  WARN 19216 --- [Thread-1] c.a.n.common.http.HttpClientBeanHolder   : [HttpClientBeanHolder] Destruction of the end
2025-05-24 19:43:35.049  INFO 19216 --- [SpringApplicationShutdownHook] c.a.c.n.registry.NacosServiceRegistry    : De-registering from Nacos Server now...
2025-05-24 19:43:35.069  INFO 19216 --- [SpringApplicationShutdownHook] c.a.c.n.registry.NacosServiceRegistry    : De-registration finished.
2025-05-24 19:43:35.405  INFO 19216 --- [SpringApplicationShutdownHook] com.alibaba.nacos.common.remote.client   : Shutdown rpc client, set status to shutdown
2025-05-24 19:43:35.406  INFO 19216 --- [SpringApplicationShutdownHook] com.alibaba.nacos.common.remote.client   : Shutdown client event executor java.util.concurrent.ScheduledThreadPoolExecutor@7ec4a4fe[Running, pool size = 2, active threads = 2, queued tasks = 0, completed tasks = 0]
2025-05-24 19:43:35.406  INFO 19216 --- [SpringApplicationShutdownHook] com.alibaba.nacos.common.remote.client   : Close current connection 1748084326805_127.0.0.1_62811
2025-05-24 19:43:35.413  INFO 19216 --- [nacos-grpc-client-executor-548] c.a.n.c.remote.client.grpc.GrpcClient    : [1748084326805_127.0.0.1_62811]Ignore complete event,isRunning:false,isAbandon=false
2025-05-24 19:43:35.426  INFO 19216 --- [SpringApplicationShutdownHook] c.a.n.c.remote.client.grpc.GrpcClient    : Shutdown grpc executor java.util.concurrent.ThreadPoolExecutor@7f0f7b8[Running, pool size = 5, active threads = 0, queued tasks = 0, completed tasks = 549]
2025-05-24 19:43:55.965  INFO 49560 --- [main] c.s.w.gateway.GatewayApplication         : No active profile set, falling back to 1 default profile: "default"
2025-05-24 19:43:56.909  INFO 49560 --- [main] o.s.cloud.context.scope.GenericScope     : BeanFactory id=a8645808-44fa-38c6-b0c6-c90b65dde952
2025-05-24 19:43:57.041  INFO 49560 --- [main] trationDelegate$BeanPostProcessorChecker : Bean 'org.springframework.cloud.client.loadbalancer.reactive.LoadBalancerBeanPostProcessorAutoConfiguration' of type [org.springframework.cloud.client.loadbalancer.reactive.LoadBalancerBeanPostProcessorAutoConfiguration] is not eligible for getting processed by all BeanPostProcessors (for example: not eligible for auto-proxying)
2025-05-24 19:43:57.044  INFO 49560 --- [main] trationDelegate$BeanPostProcessorChecker : Bean 'org.springframework.cloud.client.loadbalancer.reactive.LoadBalancerBeanPostProcessorAutoConfiguration$ReactorDeferringLoadBalancerFilterConfig' of type [org.springframework.cloud.client.loadbalancer.reactive.LoadBalancerBeanPostProcessorAutoConfiguration$ReactorDeferringLoadBalancerFilterConfig] is not eligible for getting processed by all BeanPostProcessors (for example: not eligible for auto-proxying)
2025-05-24 19:43:57.046  INFO 49560 --- [main] trationDelegate$BeanPostProcessorChecker : Bean 'reactorDeferringLoadBalancerExchangeFilterFunction' of type [org.springframework.cloud.client.loadbalancer.reactive.DeferringLoadBalancerExchangeFilterFunction] is not eligible for getting processed by all BeanPostProcessors (for example: not eligible for auto-proxying)
2025-05-24 19:43:59.709  INFO 49560 --- [main] o.s.c.g.r.RouteDefinitionRouteLocator    : Loaded RoutePredicateFactory [After]
2025-05-24 19:43:59.709  INFO 49560 --- [main] o.s.c.g.r.RouteDefinitionRouteLocator    : Loaded RoutePredicateFactory [Before]
2025-05-24 19:43:59.709  INFO 49560 --- [main] o.s.c.g.r.RouteDefinitionRouteLocator    : Loaded RoutePredicateFactory [Between]
2025-05-24 19:43:59.709  INFO 49560 --- [main] o.s.c.g.r.RouteDefinitionRouteLocator    : Loaded RoutePredicateFactory [Cookie]
2025-05-24 19:43:59.710  INFO 49560 --- [main] o.s.c.g.r.RouteDefinitionRouteLocator    : Loaded RoutePredicateFactory [Header]
2025-05-24 19:43:59.710  INFO 49560 --- [main] o.s.c.g.r.RouteDefinitionRouteLocator    : Loaded RoutePredicateFactory [Host]
2025-05-24 19:43:59.710  INFO 49560 --- [main] o.s.c.g.r.RouteDefinitionRouteLocator    : Loaded RoutePredicateFactory [Method]
2025-05-24 19:43:59.710  INFO 49560 --- [main] o.s.c.g.r.RouteDefinitionRouteLocator    : Loaded RoutePredicateFactory [Path]
2025-05-24 19:43:59.710  INFO 49560 --- [main] o.s.c.g.r.RouteDefinitionRouteLocator    : Loaded RoutePredicateFactory [Query]
2025-05-24 19:43:59.710  INFO 49560 --- [main] o.s.c.g.r.RouteDefinitionRouteLocator    : Loaded RoutePredicateFactory [ReadBody]
2025-05-24 19:43:59.711  INFO 49560 --- [main] o.s.c.g.r.RouteDefinitionRouteLocator    : Loaded RoutePredicateFactory [RemoteAddr]
2025-05-24 19:43:59.711  INFO 49560 --- [main] o.s.c.g.r.RouteDefinitionRouteLocator    : Loaded RoutePredicateFactory [XForwardedRemoteAddr]
2025-05-24 19:43:59.711  INFO 49560 --- [main] o.s.c.g.r.RouteDefinitionRouteLocator    : Loaded RoutePredicateFactory [Weight]
2025-05-24 19:43:59.711  INFO 49560 --- [main] o.s.c.g.r.RouteDefinitionRouteLocator    : Loaded RoutePredicateFactory [CloudFoundryRouteService]
2025-05-24 19:44:00.872  WARN 49560 --- [main] iguration$LoadBalancerCaffeineWarnLogger : Spring Cloud LoadBalancer is currently working with the default cache. While this cache implementation is useful for development and tests, it's recommended to use Caffeine cache in production.You can switch to using Caffeine cache, by adding it and org.springframework.cache.caffeine.CaffeineCacheManager to the classpath.
2025-05-24 19:44:00.992  INFO 49560 --- [main] com.alibaba.nacos.common.remote.client   : [RpcClientFactory] create a new rpc client of 21dc9f52-ae64-4ed4-9ee3-0f988500644d
2025-05-24 19:44:00.992  INFO 49560 --- [main] com.alibaba.nacos.common.remote.client   : [21dc9f52-ae64-4ed4-9ee3-0f988500644d] RpcClient init label, labels = {module=naming, source=sdk}
2025-05-24 19:44:00.996  INFO 49560 --- [main] com.alibaba.nacos.common.remote.client   : [21dc9f52-ae64-4ed4-9ee3-0f988500644d] RpcClient init, ServerListFactory = com.alibaba.nacos.client.naming.core.ServerListManager
2025-05-24 19:44:00.996  INFO 49560 --- [main] com.alibaba.nacos.common.remote.client   : [21dc9f52-ae64-4ed4-9ee3-0f988500644d] Registry connection listener to current client:com.alibaba.nacos.client.naming.remote.gprc.redo.NamingGrpcRedoService
2025-05-24 19:44:00.997  INFO 49560 --- [main] com.alibaba.nacos.common.remote.client   : [21dc9f52-ae64-4ed4-9ee3-0f988500644d] Register server push request handler:com.alibaba.nacos.client.naming.remote.gprc.NamingPushRequestHandler
2025-05-24 19:44:00.998  INFO 49560 --- [main] com.alibaba.nacos.common.remote.client   : [21dc9f52-ae64-4ed4-9ee3-0f988500644d] Try to connect to server on start up, server: {serverIp = 'localhost', server main port = 8848}
2025-05-24 19:44:01.143  INFO 49560 --- [main] com.alibaba.nacos.common.remote.client   : [21dc9f52-ae64-4ed4-9ee3-0f988500644d] Success to connect to server [localhost:8848] on start up, connectionId = 1748087041017_127.0.0.1_53358
2025-05-24 19:44:01.143  INFO 49560 --- [main] com.alibaba.nacos.common.remote.client   : [21dc9f52-ae64-4ed4-9ee3-0f988500644d] Register server push request handler:com.alibaba.nacos.common.remote.client.RpcClient$ConnectResetRequestHandler
2025-05-24 19:44:01.143  INFO 49560 --- [com.alibaba.nacos.client.remote.worker] com.alibaba.nacos.common.remote.client   : [21dc9f52-ae64-4ed4-9ee3-0f988500644d] Notify connected event to listeners.
2025-05-24 19:44:01.144  INFO 49560 --- [main] com.alibaba.nacos.common.remote.client   : [21dc9f52-ae64-4ed4-9ee3-0f988500644d] Register server push request handler:com.alibaba.nacos.common.remote.client.RpcClient$$Lambda$473/0x000001e9344ed418
2025-05-24 19:44:01.718  INFO 49560 --- [main] o.s.b.web.embedded.netty.NettyWebServer  : Netty started on port 8082
2025-05-24 19:44:01.749  INFO 49560 --- [nacos-grpc-client-executor-4] com.alibaba.nacos.common.remote.client   : [21dc9f52-ae64-4ed4-9ee3-0f988500644d] Receive server push request, request = NotifySubscriberRequest, requestId = 16
2025-05-24 19:44:01.749  INFO 49560 --- [nacos-grpc-client-executor-4] com.alibaba.nacos.common.remote.client   : [21dc9f52-ae64-4ed4-9ee3-0f988500644d] Ack server push request, request = NotifySubscriberRequest, requestId = 16
2025-05-24 19:44:03.171  INFO 49560 --- [main] c.a.c.n.registry.NacosServiceRegistry    : nacos registry, DEFAULT_GROUP gateway 192.168.190.1:8082 register finished
2025-05-24 19:44:03.211  INFO 49560 --- [main] c.s.w.gateway.GatewayApplication         : Started GatewayApplication in 13.412 seconds (JVM running for 14.873)
2025-05-24 19:44:03.217  INFO 49560 --- [main] c.a.c.n.refresh.NacosContextRefresher    : [Nacos Config] Listening config: dataId=gateway.yaml, group=DEFAULT_GROUP
2025-05-24 19:44:03.218  INFO 49560 --- [main] c.a.c.n.refresh.NacosContextRefresher    : [Nacos Config] Listening config: dataId=gateway, group=DEFAULT_GROUP
2025-05-24 19:44:03.675  INFO 49560 --- [nacos-grpc-client-executor-7] com.alibaba.nacos.common.remote.client   : [21dc9f52-ae64-4ed4-9ee3-0f988500644d] Receive server push request, request = NotifySubscriberRequest, requestId = 17
2025-05-24 19:44:03.690  INFO 49560 --- [nacos-grpc-client-executor-7] com.alibaba.nacos.common.remote.client   : [21dc9f52-ae64-4ed4-9ee3-0f988500644d] Ack server push request, request = NotifySubscriberRequest, requestId = 17
2025-05-24 19:44:16.893  INFO 49560 --- [nacos-grpc-client-executor-12] com.alibaba.nacos.common.remote.client   : [21dc9f52-ae64-4ed4-9ee3-0f988500644d] Receive server push request, request = NotifySubscriberRequest, requestId = 18
2025-05-24 19:44:16.893  INFO 49560 --- [nacos-grpc-client-executor-12] com.alibaba.nacos.common.remote.client   : [21dc9f52-ae64-4ed4-9ee3-0f988500644d] Ack server push request, request = NotifySubscriberRequest, requestId = 18
2025-05-24 19:45:56.755  WARN 48312 --- [Thread-5] c.a.nacos.common.notify.NotifyCenter     : [NotifyCenter] Start destroying Publisher
2025-05-24 19:45:56.755  WARN 48312 --- [Thread-1] c.a.n.common.http.HttpClientBeanHolder   : [HttpClientBeanHolder] Start destroying common HttpClient
2025-05-24 19:45:56.803  WARN 48312 --- [Thread-5] c.a.nacos.common.notify.NotifyCenter     : [NotifyCenter] Destruction of the end
2025-05-24 19:45:56.819  WARN 48312 --- [Thread-1] c.a.n.common.http.HttpClientBeanHolder   : [HttpClientBeanHolder] Destruction of the end
2025-05-24 19:45:56.909  WARN 49560 --- [Thread-5] c.a.nacos.common.notify.NotifyCenter     : [NotifyCenter] Start destroying Publisher
2025-05-24 19:45:56.909  WARN 49560 --- [Thread-1] c.a.n.common.http.HttpClientBeanHolder   : [HttpClientBeanHolder] Start destroying common HttpClient
2025-05-24 19:45:56.909  WARN 49560 --- [Thread-5] c.a.nacos.common.notify.NotifyCenter     : [NotifyCenter] Destruction of the end
2025-05-24 19:45:56.911  WARN 49560 --- [Thread-1] c.a.n.common.http.HttpClientBeanHolder   : [HttpClientBeanHolder] Destruction of the end
2025-05-24 19:45:56.932  INFO 49560 --- [SpringApplicationShutdownHook] c.a.c.n.registry.NacosServiceRegistry    : De-registering from Nacos Server now...
2025-05-24 19:45:56.938  INFO 49560 --- [SpringApplicationShutdownHook] c.a.c.n.registry.NacosServiceRegistry    : De-registration finished.
2025-05-24 19:45:56.911  WARN 19396 --- [Thread-1] c.a.n.common.http.HttpClientBeanHolder   : [HttpClientBeanHolder] Start destroying common HttpClient
2025-05-24 19:45:56.908  WARN 19396 --- [Thread-5] c.a.nacos.common.notify.NotifyCenter     : [NotifyCenter] Start destroying Publisher
2025-05-24 19:45:56.947  WARN 19396 --- [Thread-5] c.a.nacos.common.notify.NotifyCenter     : [NotifyCenter] Destruction of the end
2025-05-24 19:45:56.963  WARN 19396 --- [Thread-1] c.a.n.common.http.HttpClientBeanHolder   : [HttpClientBeanHolder] Destruction of the end
2025-05-24 19:45:56.998  WARN 11560 --- [Thread-1] c.a.n.common.http.HttpClientBeanHolder   : [HttpClientBeanHolder] Start destroying common HttpClient
2025-05-24 19:45:56.998  WARN 11560 --- [Thread-5] c.a.nacos.common.notify.NotifyCenter     : [NotifyCenter] Start destroying Publisher
2025-05-24 19:45:57.016  WARN 11560 --- [Thread-5] c.a.nacos.common.notify.NotifyCenter     : [NotifyCenter] Destruction of the end
2025-05-24 19:45:57.025  WARN 11560 --- [Thread-1] c.a.n.common.http.HttpClientBeanHolder   : [HttpClientBeanHolder] Destruction of the end
2025-05-24 19:45:57.080  WARN 7376 --- [Thread-1] c.a.n.common.http.HttpClientBeanHolder   : [HttpClientBeanHolder] Start destroying common HttpClient
2025-05-24 19:45:57.079  WARN 7376 --- [Thread-5] c.a.nacos.common.notify.NotifyCenter     : [NotifyCenter] Start destroying Publisher
2025-05-24 19:45:57.101  WARN 7376 --- [Thread-5] c.a.nacos.common.notify.NotifyCenter     : [NotifyCenter] Destruction of the end
2025-05-24 19:45:57.119  WARN 7376 --- [Thread-1] c.a.n.common.http.HttpClientBeanHolder   : [HttpClientBeanHolder] Destruction of the end
2025-05-24 19:45:57.185  INFO 48312 --- [SpringApplicationShutdownHook] c.a.c.n.registry.NacosServiceRegistry    : De-registering from Nacos Server now...
2025-05-24 19:45:57.191  INFO 48312 --- [SpringApplicationShutdownHook] c.a.c.n.registry.NacosServiceRegistry    : De-registration finished.
2025-05-24 19:45:57.274  INFO 49560 --- [SpringApplicationShutdownHook] com.alibaba.nacos.common.remote.client   : Shutdown rpc client, set status to shutdown
2025-05-24 19:45:57.275  INFO 49560 --- [SpringApplicationShutdownHook] com.alibaba.nacos.common.remote.client   : Shutdown client event executor java.util.concurrent.ScheduledThreadPoolExecutor@2911f5b7[Running, pool size = 2, active threads = 2, queued tasks = 0, completed tasks = 0]
2025-05-24 19:45:57.275  INFO 49560 --- [SpringApplicationShutdownHook] com.alibaba.nacos.common.remote.client   : Close current connection 1748087041017_127.0.0.1_53358
2025-05-24 19:45:57.278  INFO 49560 --- [nacos-grpc-client-executor-35] c.a.n.c.remote.client.grpc.GrpcClient    : [1748087041017_127.0.0.1_53358]Ignore complete event,isRunning:false,isAbandon=false
2025-05-24 19:45:57.278  INFO 11560 --- [SpringApplicationShutdownHook] c.a.c.n.registry.NacosServiceRegistry    : De-registering from Nacos Server now...
2025-05-24 19:45:57.281  INFO 49560 --- [SpringApplicationShutdownHook] c.a.n.c.remote.client.grpc.GrpcClient    : Shutdown grpc executor java.util.concurrent.ThreadPoolExecutor@18645105[Running, pool size = 5, active threads = 0, queued tasks = 0, completed tasks = 36]
2025-05-24 19:45:57.284  INFO 11560 --- [SpringApplicationShutdownHook] c.a.c.n.registry.NacosServiceRegistry    : De-registration finished.
2025-05-24 19:45:57.319  INFO 19396 --- [SpringApplicationShutdownHook] c.a.c.n.registry.NacosServiceRegistry    : De-registering from Nacos Server now...
2025-05-24 19:45:57.327  INFO 19396 --- [SpringApplicationShutdownHook] c.a.c.n.registry.NacosServiceRegistry    : De-registration finished.
2025-05-24 19:45:57.444  INFO 7376 --- [SpringApplicationShutdownHook] c.a.c.n.registry.NacosServiceRegistry    : De-registering from Nacos Server now...
2025-05-24 19:45:57.453  INFO 7376 --- [SpringApplicationShutdownHook] c.a.c.n.registry.NacosServiceRegistry    : De-registration finished.
2025-05-24 19:45:57.531  INFO 48312 --- [SpringApplicationShutdownHook] com.alibaba.nacos.common.remote.client   : Shutdown rpc client, set status to shutdown
2025-05-24 19:45:57.532  INFO 48312 --- [SpringApplicationShutdownHook] com.alibaba.nacos.common.remote.client   : Shutdown client event executor java.util.concurrent.ScheduledThreadPoolExecutor@3d4ca1d8[Running, pool size = 2, active threads = 2, queued tasks = 0, completed tasks = 0]
2025-05-24 19:45:57.533  INFO 48312 --- [SpringApplicationShutdownHook] com.alibaba.nacos.common.remote.client   : Close current connection 1748084836310_127.0.0.1_63403
2025-05-24 19:45:57.546  INFO 48312 --- [nacos-grpc-client-executor-554] c.a.n.c.remote.client.grpc.GrpcClient    : [1748084836310_127.0.0.1_63403]Ignore complete event,isRunning:false,isAbandon=false
2025-05-24 19:45:57.575  INFO 48312 --- [SpringApplicationShutdownHook] c.a.n.c.remote.client.grpc.GrpcClient    : Shutdown grpc executor java.util.concurrent.ThreadPoolExecutor@f0c36dc[Running, pool size = 5, active threads = 0, queued tasks = 0, completed tasks = 555]
2025-05-24 19:45:57.624  INFO 11560 --- [SpringApplicationShutdownHook] com.alibaba.nacos.common.remote.client   : Shutdown rpc client, set status to shutdown
2025-05-24 19:45:57.624  INFO 11560 --- [SpringApplicationShutdownHook] com.alibaba.nacos.common.remote.client   : Shutdown client event executor java.util.concurrent.ScheduledThreadPoolExecutor@3dbd1f84[Running, pool size = 2, active threads = 2, queued tasks = 0, completed tasks = 0]
2025-05-24 19:45:57.625  INFO 11560 --- [SpringApplicationShutdownHook] com.alibaba.nacos.common.remote.client   : Close current connection 1748084379008_127.0.0.1_62885
2025-05-24 19:45:57.634  INFO 11560 --- [nacos-grpc-client-executor-569] c.a.n.c.remote.client.grpc.GrpcClient    : [1748084379008_127.0.0.1_62885]Ignore complete event,isRunning:false,isAbandon=false
2025-05-24 19:45:57.655  INFO 11560 --- [SpringApplicationShutdownHook] c.a.n.c.remote.client.grpc.GrpcClient    : Shutdown grpc executor java.util.concurrent.ThreadPoolExecutor@f2ab114[Running, pool size = 5, active threads = 0, queued tasks = 0, completed tasks = 570]
2025-05-24 19:45:57.670  INFO 19396 --- [SpringApplicationShutdownHook] com.alibaba.nacos.common.remote.client   : Shutdown rpc client, set status to shutdown
2025-05-24 19:45:57.671  INFO 19396 --- [SpringApplicationShutdownHook] com.alibaba.nacos.common.remote.client   : Shutdown client event executor java.util.concurrent.ScheduledThreadPoolExecutor@44a1298d[Running, pool size = 2, active threads = 2, queued tasks = 0, completed tasks = 0]
2025-05-24 19:45:57.672  INFO 19396 --- [SpringApplicationShutdownHook] com.alibaba.nacos.common.remote.client   : Close current connection 1748084420864_127.0.0.1_62937
2025-05-24 19:45:57.679  INFO 19396 --- [nacos-grpc-client-executor-558] c.a.n.c.remote.client.grpc.GrpcClient    : [1748084420864_127.0.0.1_62937]Ignore complete event,isRunning:false,isAbandon=false
2025-05-24 19:45:57.681  INFO 11560 --- [SpringApplicationShutdownHook] com.zaxxer.hikari.HikariDataSource       : HikariPool-1 - Shutdown initiated...
2025-05-24 19:45:57.698  INFO 19396 --- [SpringApplicationShutdownHook] c.a.n.c.remote.client.grpc.GrpcClient    : Shutdown grpc executor java.util.concurrent.ThreadPoolExecutor@171d317[Running, pool size = 5, active threads = 0, queued tasks = 0, completed tasks = 559]
2025-05-24 19:45:57.795  INFO 7376 --- [SpringApplicationShutdownHook] com.alibaba.nacos.common.remote.client   : Shutdown rpc client, set status to shutdown
2025-05-24 19:45:57.797  INFO 7376 --- [SpringApplicationShutdownHook] com.alibaba.nacos.common.remote.client   : Shutdown client event executor java.util.concurrent.ScheduledThreadPoolExecutor@1d87c3ea[Running, pool size = 2, active threads = 2, queued tasks = 0, completed tasks = 0]
2025-05-24 19:45:57.799  INFO 7376 --- [SpringApplicationShutdownHook] com.alibaba.nacos.common.remote.client   : Close current connection 1748084391441_127.0.0.1_62895
2025-05-24 19:45:57.807  INFO 7376 --- [nacos-grpc-client-executor-571] c.a.n.c.remote.client.grpc.GrpcClient    : [1748084391441_127.0.0.1_62895]Ignore complete event,isRunning:false,isAbandon=false
2025-05-24 19:45:57.833  INFO 7376 --- [SpringApplicationShutdownHook] c.a.n.c.remote.client.grpc.GrpcClient    : Shutdown grpc executor java.util.concurrent.ThreadPoolExecutor@18793753[Running, pool size = 5, active threads = 0, queued tasks = 0, completed tasks = 572]
2025-05-24 19:45:57.851  INFO 11560 --- [SpringApplicationShutdownHook] com.zaxxer.hikari.HikariDataSource       : HikariPool-1 - Shutdown completed.
2025-05-24 19:45:57.890  INFO 7376 --- [SpringApplicationShutdownHook] com.zaxxer.hikari.HikariDataSource       : HikariPool-1 - Shutdown initiated...
2025-05-24 19:45:58.047  INFO 7376 --- [SpringApplicationShutdownHook] com.zaxxer.hikari.HikariDataSource       : HikariPool-1 - Shutdown completed.
